

Started GET "/" for ::1 at 2015-07-20 12:08:17 +0100

ActiveRecord::NoDatabaseError (FATAL:  database "yelp_clone_development" does not exist
):
  activerecord (4.2.3) lib/active_record/connection_adapters/postgresql_adapter.rb:665:in `rescue in connect'
  activerecord (4.2.3) lib/active_record/connection_adapters/postgresql_adapter.rb:655:in `connect'
  activerecord (4.2.3) lib/active_record/connection_adapters/postgresql_adapter.rb:242:in `initialize'
  activerecord (4.2.3) lib/active_record/connection_adapters/postgresql_adapter.rb:44:in `new'
  activerecord (4.2.3) lib/active_record/connection_adapters/postgresql_adapter.rb:44:in `postgresql_connection'
  activerecord (4.2.3) lib/active_record/connection_adapters/abstract/connection_pool.rb:438:in `new_connection'
  activerecord (4.2.3) lib/active_record/connection_adapters/abstract/connection_pool.rb:448:in `checkout_new_connection'
  activerecord (4.2.3) lib/active_record/connection_adapters/abstract/connection_pool.rb:422:in `acquire_connection'
  activerecord (4.2.3) lib/active_record/connection_adapters/abstract/connection_pool.rb:349:in `block in checkout'
  /Users/DuskyShelf/.rvm/rubies/ruby-2.1.5/lib/ruby/2.1.0/monitor.rb:211:in `mon_synchronize'
  activerecord (4.2.3) lib/active_record/connection_adapters/abstract/connection_pool.rb:348:in `checkout'
  activerecord (4.2.3) lib/active_record/connection_adapters/abstract/connection_pool.rb:263:in `block in connection'
  /Users/DuskyShelf/.rvm/rubies/ruby-2.1.5/lib/ruby/2.1.0/monitor.rb:211:in `mon_synchronize'
  activerecord (4.2.3) lib/active_record/connection_adapters/abstract/connection_pool.rb:262:in `connection'
  activerecord (4.2.3) lib/active_record/connection_adapters/abstract/connection_pool.rb:571:in `retrieve_connection'
  activerecord (4.2.3) lib/active_record/connection_handling.rb:113:in `retrieve_connection'
  activerecord (4.2.3) lib/active_record/connection_handling.rb:87:in `connection'
  activerecord (4.2.3) lib/active_record/migration.rb:383:in `connection'
  activerecord (4.2.3) lib/active_record/migration.rb:370:in `call'
  actionpack (4.2.3) lib/action_dispatch/middleware/callbacks.rb:29:in `block in call'
  activesupport (4.2.3) lib/active_support/callbacks.rb:84:in `run_callbacks'
  actionpack (4.2.3) lib/action_dispatch/middleware/callbacks.rb:27:in `call'
  actionpack (4.2.3) lib/action_dispatch/middleware/reloader.rb:73:in `call'
  actionpack (4.2.3) lib/action_dispatch/middleware/remote_ip.rb:78:in `call'
  actionpack (4.2.3) lib/action_dispatch/middleware/debug_exceptions.rb:17:in `call'
  web-console (2.2.1) lib/web_console/middleware.rb:39:in `call'
  actionpack (4.2.3) lib/action_dispatch/middleware/show_exceptions.rb:30:in `call'
  railties (4.2.3) lib/rails/rack/logger.rb:38:in `call_app'
  railties (4.2.3) lib/rails/rack/logger.rb:20:in `block in call'
  activesupport (4.2.3) lib/active_support/tagged_logging.rb:68:in `block in tagged'
  activesupport (4.2.3) lib/active_support/tagged_logging.rb:26:in `tagged'
  activesupport (4.2.3) lib/active_support/tagged_logging.rb:68:in `tagged'
  railties (4.2.3) lib/rails/rack/logger.rb:20:in `call'
  actionpack (4.2.3) lib/action_dispatch/middleware/request_id.rb:21:in `call'
  rack (1.6.4) lib/rack/methodoverride.rb:22:in `call'
  rack (1.6.4) lib/rack/runtime.rb:18:in `call'
  activesupport (4.2.3) lib/active_support/cache/strategy/local_cache_middleware.rb:28:in `call'
  rack (1.6.4) lib/rack/lock.rb:17:in `call'
  actionpack (4.2.3) lib/action_dispatch/middleware/static.rb:116:in `call'
  rack (1.6.4) lib/rack/sendfile.rb:113:in `call'
  railties (4.2.3) lib/rails/engine.rb:518:in `call'
  railties (4.2.3) lib/rails/application.rb:165:in `call'
  rack (1.6.4) lib/rack/lock.rb:17:in `call'
  rack (1.6.4) lib/rack/content_length.rb:15:in `call'
  rack (1.6.4) lib/rack/handler/webrick.rb:88:in `service'
  /Users/DuskyShelf/.rvm/rubies/ruby-2.1.5/lib/ruby/2.1.0/webrick/httpserver.rb:138:in `service'
  /Users/DuskyShelf/.rvm/rubies/ruby-2.1.5/lib/ruby/2.1.0/webrick/httpserver.rb:94:in `run'
  /Users/DuskyShelf/.rvm/rubies/ruby-2.1.5/lib/ruby/2.1.0/webrick/server.rb:295:in `block in start_thread'


  Rendered /Users/DuskyShelf/.rvm/gems/ruby-2.1.5/gems/actionpack-4.2.3/lib/action_dispatch/middleware/templates/rescues/_source.erb (4.3ms)
  Rendered /Users/DuskyShelf/.rvm/gems/ruby-2.1.5/gems/actionpack-4.2.3/lib/action_dispatch/middleware/templates/rescues/_trace.html.erb (1.6ms)
  Rendered /Users/DuskyShelf/.rvm/gems/ruby-2.1.5/gems/actionpack-4.2.3/lib/action_dispatch/middleware/templates/rescues/_request_and_response.html.erb (1.0ms)
  Rendered /Users/DuskyShelf/.rvm/gems/ruby-2.1.5/gems/actionpack-4.2.3/lib/action_dispatch/middleware/templates/rescues/diagnostics.html.erb within rescues/layout (24.1ms)
  Rendered /Users/DuskyShelf/.rvm/gems/ruby-2.1.5/gems/web-console-2.2.1/lib/web_console/templates/_markup.html.erb (0.4ms)
  Rendered /Users/DuskyShelf/.rvm/gems/ruby-2.1.5/gems/web-console-2.2.1/lib/web_console/templates/_inner_console_markup.html.erb within layouts/inlined_string (0.4ms)
  Rendered /Users/DuskyShelf/.rvm/gems/ruby-2.1.5/gems/web-console-2.2.1/lib/web_console/templates/_prompt_box_markup.html.erb within layouts/inlined_string (0.5ms)
  Rendered /Users/DuskyShelf/.rvm/gems/ruby-2.1.5/gems/web-console-2.2.1/lib/web_console/templates/style.css.erb within layouts/inlined_string (0.7ms)
  Rendered /Users/DuskyShelf/.rvm/gems/ruby-2.1.5/gems/web-console-2.2.1/lib/web_console/templates/console.js.erb within layouts/javascript (22.2ms)
  Rendered /Users/DuskyShelf/.rvm/gems/ruby-2.1.5/gems/web-console-2.2.1/lib/web_console/templates/main.js.erb within layouts/javascript (0.4ms)
  Rendered /Users/DuskyShelf/.rvm/gems/ruby-2.1.5/gems/web-console-2.2.1/lib/web_console/templates/error_page.js.erb within layouts/javascript (0.4ms)
  Rendered /Users/DuskyShelf/.rvm/gems/ruby-2.1.5/gems/web-console-2.2.1/lib/web_console/templates/index.html.erb (46.4ms)
  [1m[36m (430.9ms)[0m  [1mCREATE DATABASE "yelp_clone_development" ENCODING = 'unicode'[0m


Started GET "/" for ::1 at 2015-07-20 12:09:41 +0100
Processing by Rails::WelcomeController#index as HTML
  Rendered /Users/DuskyShelf/.rvm/gems/ruby-2.1.5/gems/railties-4.2.3/lib/rails/templates/rails/welcome/index.html.erb (2.5ms)
Completed 200 OK in 23ms (Views: 12.8ms | ActiveRecord: 0.0ms)


Started GET "/" for ::1 at 2015-07-20 14:17:10 +0100
Processing by Rails::WelcomeController#index as HTML
  Rendered /Users/DuskyShelf/.rvm/gems/ruby-2.1.5/gems/railties-4.2.3/lib/rails/templates/rails/welcome/index.html.erb (1.8ms)
Completed 200 OK in 23ms (Views: 9.5ms | ActiveRecord: 0.0ms)


Started GET "/restaurants" for ::1 at 2015-07-20 14:17:32 +0100
Processing by RestaurantsController#index as HTML
Completed 500 Internal Server Error in 1ms (ActiveRecord: 0.0ms)

RuntimeError (Hello Rob):
  app/controllers/restaurants_controller.rb:3:in `index'


  Rendered /Users/DuskyShelf/.rvm/gems/ruby-2.1.5/gems/actionpack-4.2.3/lib/action_dispatch/middleware/templates/rescues/_source.erb (5.5ms)
  Rendered /Users/DuskyShelf/.rvm/gems/ruby-2.1.5/gems/actionpack-4.2.3/lib/action_dispatch/middleware/templates/rescues/_trace.html.erb (2.7ms)
  Rendered /Users/DuskyShelf/.rvm/gems/ruby-2.1.5/gems/actionpack-4.2.3/lib/action_dispatch/middleware/templates/rescues/_request_and_response.html.erb (1.6ms)
  Rendered /Users/DuskyShelf/.rvm/gems/ruby-2.1.5/gems/actionpack-4.2.3/lib/action_dispatch/middleware/templates/rescues/diagnostics.html.erb within rescues/layout (26.3ms)
  Rendered /Users/DuskyShelf/.rvm/gems/ruby-2.1.5/gems/web-console-2.2.1/lib/web_console/templates/_markup.html.erb (0.4ms)
  Rendered /Users/DuskyShelf/.rvm/gems/ruby-2.1.5/gems/web-console-2.2.1/lib/web_console/templates/_inner_console_markup.html.erb within layouts/inlined_string (0.4ms)
  Rendered /Users/DuskyShelf/.rvm/gems/ruby-2.1.5/gems/web-console-2.2.1/lib/web_console/templates/_prompt_box_markup.html.erb within layouts/inlined_string (0.4ms)
  Rendered /Users/DuskyShelf/.rvm/gems/ruby-2.1.5/gems/web-console-2.2.1/lib/web_console/templates/style.css.erb within layouts/inlined_string (0.5ms)
  Rendered /Users/DuskyShelf/.rvm/gems/ruby-2.1.5/gems/web-console-2.2.1/lib/web_console/templates/console.js.erb within layouts/javascript (23.6ms)
  Rendered /Users/DuskyShelf/.rvm/gems/ruby-2.1.5/gems/web-console-2.2.1/lib/web_console/templates/main.js.erb within layouts/javascript (0.4ms)
  Rendered /Users/DuskyShelf/.rvm/gems/ruby-2.1.5/gems/web-console-2.2.1/lib/web_console/templates/error_page.js.erb within layouts/javascript (0.5ms)
  Rendered /Users/DuskyShelf/.rvm/gems/ruby-2.1.5/gems/web-console-2.2.1/lib/web_console/templates/index.html.erb (51.8ms)


Started GET "/" for ::1 at 2015-07-20 14:23:30 +0100
Processing by Rails::WelcomeController#index as HTML
  Rendered /Users/robertmorgan/.rvm/gems/ruby-2.2.2/gems/railties-4.2.3/lib/rails/templates/rails/welcome/index.html.erb (1.5ms)
Completed 200 OK in 22ms (Views: 13.1ms | ActiveRecord: 0.0ms)


Started GET "/restaurant" for ::1 at 2015-07-20 14:23:36 +0100

ActionController::RoutingError (No route matches [GET] "/restaurant"):
  actionpack (4.2.3) lib/action_dispatch/middleware/debug_exceptions.rb:21:in `call'
  web-console (2.2.1) lib/web_console/middleware.rb:39:in `call'
  actionpack (4.2.3) lib/action_dispatch/middleware/show_exceptions.rb:30:in `call'
  railties (4.2.3) lib/rails/rack/logger.rb:38:in `call_app'
  railties (4.2.3) lib/rails/rack/logger.rb:20:in `block in call'
  activesupport (4.2.3) lib/active_support/tagged_logging.rb:68:in `block in tagged'
  activesupport (4.2.3) lib/active_support/tagged_logging.rb:26:in `tagged'
  activesupport (4.2.3) lib/active_support/tagged_logging.rb:68:in `tagged'
  railties (4.2.3) lib/rails/rack/logger.rb:20:in `call'
  actionpack (4.2.3) lib/action_dispatch/middleware/request_id.rb:21:in `call'
  rack (1.6.4) lib/rack/methodoverride.rb:22:in `call'
  rack (1.6.4) lib/rack/runtime.rb:18:in `call'
  activesupport (4.2.3) lib/active_support/cache/strategy/local_cache_middleware.rb:28:in `call'
  rack (1.6.4) lib/rack/lock.rb:17:in `call'
  actionpack (4.2.3) lib/action_dispatch/middleware/static.rb:116:in `call'
  rack (1.6.4) lib/rack/sendfile.rb:113:in `call'
  railties (4.2.3) lib/rails/engine.rb:518:in `call'
  railties (4.2.3) lib/rails/application.rb:165:in `call'
  rack (1.6.4) lib/rack/lock.rb:17:in `call'
  rack (1.6.4) lib/rack/content_length.rb:15:in `call'
  rack (1.6.4) lib/rack/handler/webrick.rb:88:in `service'
  /Users/robertmorgan/.rvm/rubies/ruby-2.2.2/lib/ruby/2.2.0/webrick/httpserver.rb:138:in `service'
  /Users/robertmorgan/.rvm/rubies/ruby-2.2.2/lib/ruby/2.2.0/webrick/httpserver.rb:94:in `run'
  /Users/robertmorgan/.rvm/rubies/ruby-2.2.2/lib/ruby/2.2.0/webrick/server.rb:294:in `block in start_thread'


  Rendered /Users/robertmorgan/.rvm/gems/ruby-2.2.2/gems/actionpack-4.2.3/lib/action_dispatch/middleware/templates/rescues/_trace.html.erb (1.3ms)
  Rendered /Users/robertmorgan/.rvm/gems/ruby-2.2.2/gems/actionpack-4.2.3/lib/action_dispatch/middleware/templates/routes/_route.html.erb (1.0ms)
  Rendered /Users/robertmorgan/.rvm/gems/ruby-2.2.2/gems/actionpack-4.2.3/lib/action_dispatch/middleware/templates/routes/_table.html.erb (8.5ms)
  Rendered /Users/robertmorgan/.rvm/gems/ruby-2.2.2/gems/actionpack-4.2.3/lib/action_dispatch/middleware/templates/rescues/_request_and_response.html.erb (1.0ms)
  Rendered /Users/robertmorgan/.rvm/gems/ruby-2.2.2/gems/actionpack-4.2.3/lib/action_dispatch/middleware/templates/rescues/routing_error.html.erb within rescues/layout (79.8ms)
  Rendered /Users/robertmorgan/.rvm/gems/ruby-2.2.2/gems/web-console-2.2.1/lib/web_console/templates/_markup.html.erb (0.3ms)
  Rendered /Users/robertmorgan/.rvm/gems/ruby-2.2.2/gems/web-console-2.2.1/lib/web_console/templates/_inner_console_markup.html.erb within layouts/inlined_string (0.3ms)
  Rendered /Users/robertmorgan/.rvm/gems/ruby-2.2.2/gems/web-console-2.2.1/lib/web_console/templates/_prompt_box_markup.html.erb within layouts/inlined_string (0.3ms)
  Rendered /Users/robertmorgan/.rvm/gems/ruby-2.2.2/gems/web-console-2.2.1/lib/web_console/templates/style.css.erb within layouts/inlined_string (0.3ms)
  Rendered /Users/robertmorgan/.rvm/gems/ruby-2.2.2/gems/web-console-2.2.1/lib/web_console/templates/console.js.erb within layouts/javascript (46.9ms)
  Rendered /Users/robertmorgan/.rvm/gems/ruby-2.2.2/gems/web-console-2.2.1/lib/web_console/templates/main.js.erb within layouts/javascript (0.3ms)
  Rendered /Users/robertmorgan/.rvm/gems/ruby-2.2.2/gems/web-console-2.2.1/lib/web_console/templates/error_page.js.erb within layouts/javascript (0.4ms)
  Rendered /Users/robertmorgan/.rvm/gems/ruby-2.2.2/gems/web-console-2.2.1/lib/web_console/templates/index.html.erb (97.4ms)


Started GET "/restaurants" for ::1 at 2015-07-20 14:23:41 +0100
Processing by RestaurantsController#index as HTML
Completed 500 Internal Server Error in 1ms (ActiveRecord: 0.0ms)

RuntimeError (Hello Rob):
  app/controllers/restaurants_controller.rb:3:in `index'


  Rendered /Users/robertmorgan/.rvm/gems/ruby-2.2.2/gems/actionpack-4.2.3/lib/action_dispatch/middleware/templates/rescues/_source.erb (5.9ms)
  Rendered /Users/robertmorgan/.rvm/gems/ruby-2.2.2/gems/actionpack-4.2.3/lib/action_dispatch/middleware/templates/rescues/_trace.html.erb (1.8ms)
  Rendered /Users/robertmorgan/.rvm/gems/ruby-2.2.2/gems/actionpack-4.2.3/lib/action_dispatch/middleware/templates/rescues/_request_and_response.html.erb (0.7ms)
  Rendered /Users/robertmorgan/.rvm/gems/ruby-2.2.2/gems/actionpack-4.2.3/lib/action_dispatch/middleware/templates/rescues/diagnostics.html.erb within rescues/layout (49.5ms)
  Rendered /Users/robertmorgan/.rvm/gems/ruby-2.2.2/gems/web-console-2.2.1/lib/web_console/templates/_markup.html.erb (0.3ms)
  Rendered /Users/robertmorgan/.rvm/gems/ruby-2.2.2/gems/web-console-2.2.1/lib/web_console/templates/_inner_console_markup.html.erb within layouts/inlined_string (0.3ms)
  Rendered /Users/robertmorgan/.rvm/gems/ruby-2.2.2/gems/web-console-2.2.1/lib/web_console/templates/_prompt_box_markup.html.erb within layouts/inlined_string (0.3ms)
  Rendered /Users/robertmorgan/.rvm/gems/ruby-2.2.2/gems/web-console-2.2.1/lib/web_console/templates/style.css.erb within layouts/inlined_string (0.3ms)
  Rendered /Users/robertmorgan/.rvm/gems/ruby-2.2.2/gems/web-console-2.2.1/lib/web_console/templates/console.js.erb within layouts/javascript (40.1ms)
  Rendered /Users/robertmorgan/.rvm/gems/ruby-2.2.2/gems/web-console-2.2.1/lib/web_console/templates/main.js.erb within layouts/javascript (0.3ms)
  Rendered /Users/robertmorgan/.rvm/gems/ruby-2.2.2/gems/web-console-2.2.1/lib/web_console/templates/error_page.js.erb within layouts/javascript (0.3ms)
  Rendered /Users/robertmorgan/.rvm/gems/ruby-2.2.2/gems/web-console-2.2.1/lib/web_console/templates/index.html.erb (86.8ms)


Started GET "/restaurants" for ::1 at 2015-07-20 14:24:32 +0100
Processing by RestaurantsController#index as HTML
Completed 500 Internal Server Error in 15ms (ActiveRecord: 0.0ms)

ActionView::MissingTemplate (Missing template restaurants/index, application/index with {:locale=>[:en], :formats=>[:html], :variants=>[], :handlers=>[:erb, :builder, :raw, :ruby, :coffee, :jbuilder]}. Searched in:
  * "/Users/robertmorgan/Documents/Projects/MakersAcademy/Week7/yelp_day_1/app/views"
):
  actionview (4.2.3) lib/action_view/path_set.rb:46:in `find'
  actionview (4.2.3) lib/action_view/lookup_context.rb:121:in `find'
  actionview (4.2.3) lib/action_view/renderer/abstract_renderer.rb:18:in `find_template'
  actionview (4.2.3) lib/action_view/renderer/template_renderer.rb:40:in `determine_template'
  actionview (4.2.3) lib/action_view/renderer/template_renderer.rb:8:in `render'
  actionview (4.2.3) lib/action_view/renderer/renderer.rb:42:in `render_template'
  actionview (4.2.3) lib/action_view/renderer/renderer.rb:23:in `render'
  actionview (4.2.3) lib/action_view/rendering.rb:100:in `_render_template'
  actionpack (4.2.3) lib/action_controller/metal/streaming.rb:217:in `_render_template'
  actionview (4.2.3) lib/action_view/rendering.rb:83:in `render_to_body'
  actionpack (4.2.3) lib/action_controller/metal/rendering.rb:32:in `render_to_body'
  actionpack (4.2.3) lib/action_controller/metal/renderers.rb:37:in `render_to_body'
  actionpack (4.2.3) lib/abstract_controller/rendering.rb:25:in `render'
  actionpack (4.2.3) lib/action_controller/metal/rendering.rb:16:in `render'
  actionpack (4.2.3) lib/action_controller/metal/instrumentation.rb:44:in `block (2 levels) in render'
  activesupport (4.2.3) lib/active_support/core_ext/benchmark.rb:12:in `block in ms'
  /Users/robertmorgan/.rvm/rubies/ruby-2.2.2/lib/ruby/2.2.0/benchmark.rb:303:in `realtime'
  activesupport (4.2.3) lib/active_support/core_ext/benchmark.rb:12:in `ms'
  actionpack (4.2.3) lib/action_controller/metal/instrumentation.rb:44:in `block in render'
  actionpack (4.2.3) lib/action_controller/metal/instrumentation.rb:87:in `cleanup_view_runtime'
  activerecord (4.2.3) lib/active_record/railties/controller_runtime.rb:25:in `cleanup_view_runtime'
  actionpack (4.2.3) lib/action_controller/metal/instrumentation.rb:43:in `render'
  actionpack (4.2.3) lib/action_controller/metal/implicit_render.rb:10:in `default_render'
  actionpack (4.2.3) lib/action_controller/metal/implicit_render.rb:5:in `send_action'
  actionpack (4.2.3) lib/abstract_controller/base.rb:198:in `process_action'
  actionpack (4.2.3) lib/action_controller/metal/rendering.rb:10:in `process_action'
  actionpack (4.2.3) lib/abstract_controller/callbacks.rb:20:in `block in process_action'
  activesupport (4.2.3) lib/active_support/callbacks.rb:115:in `call'
  activesupport (4.2.3) lib/active_support/callbacks.rb:115:in `call'
  activesupport (4.2.3) lib/active_support/callbacks.rb:553:in `block (2 levels) in compile'
  activesupport (4.2.3) lib/active_support/callbacks.rb:503:in `call'
  activesupport (4.2.3) lib/active_support/callbacks.rb:503:in `call'
  activesupport (4.2.3) lib/active_support/callbacks.rb:88:in `run_callbacks'
  actionpack (4.2.3) lib/abstract_controller/callbacks.rb:19:in `process_action'
  actionpack (4.2.3) lib/action_controller/metal/rescue.rb:29:in `process_action'
  actionpack (4.2.3) lib/action_controller/metal/instrumentation.rb:32:in `block in process_action'
  activesupport (4.2.3) lib/active_support/notifications.rb:164:in `block in instrument'
  activesupport (4.2.3) lib/active_support/notifications/instrumenter.rb:20:in `instrument'
  activesupport (4.2.3) lib/active_support/notifications.rb:164:in `instrument'
  actionpack (4.2.3) lib/action_controller/metal/instrumentation.rb:30:in `process_action'
  actionpack (4.2.3) lib/action_controller/metal/params_wrapper.rb:250:in `process_action'
  activerecord (4.2.3) lib/active_record/railties/controller_runtime.rb:18:in `process_action'
  actionpack (4.2.3) lib/abstract_controller/base.rb:137:in `process'
  actionview (4.2.3) lib/action_view/rendering.rb:30:in `process'
  actionpack (4.2.3) lib/action_controller/metal.rb:196:in `dispatch'
  actionpack (4.2.3) lib/action_controller/metal/rack_delegation.rb:13:in `dispatch'
  actionpack (4.2.3) lib/action_controller/metal.rb:237:in `block in action'
  actionpack (4.2.3) lib/action_dispatch/routing/route_set.rb:76:in `call'
  actionpack (4.2.3) lib/action_dispatch/routing/route_set.rb:76:in `dispatch'
  actionpack (4.2.3) lib/action_dispatch/routing/route_set.rb:45:in `serve'
  actionpack (4.2.3) lib/action_dispatch/journey/router.rb:43:in `block in serve'
  actionpack (4.2.3) lib/action_dispatch/journey/router.rb:30:in `each'
  actionpack (4.2.3) lib/action_dispatch/journey/router.rb:30:in `serve'
  actionpack (4.2.3) lib/action_dispatch/routing/route_set.rb:821:in `call'
  rack (1.6.4) lib/rack/etag.rb:24:in `call'
  rack (1.6.4) lib/rack/conditionalget.rb:25:in `call'
  rack (1.6.4) lib/rack/head.rb:13:in `call'
  actionpack (4.2.3) lib/action_dispatch/middleware/params_parser.rb:27:in `call'
  actionpack (4.2.3) lib/action_dispatch/middleware/flash.rb:260:in `call'
  rack (1.6.4) lib/rack/session/abstract/id.rb:225:in `context'
  rack (1.6.4) lib/rack/session/abstract/id.rb:220:in `call'
  actionpack (4.2.3) lib/action_dispatch/middleware/cookies.rb:560:in `call'
  activerecord (4.2.3) lib/active_record/query_cache.rb:36:in `call'
  activerecord (4.2.3) lib/active_record/connection_adapters/abstract/connection_pool.rb:653:in `call'
  activerecord (4.2.3) lib/active_record/migration.rb:377:in `call'
  actionpack (4.2.3) lib/action_dispatch/middleware/callbacks.rb:29:in `block in call'
  activesupport (4.2.3) lib/active_support/callbacks.rb:84:in `run_callbacks'
  actionpack (4.2.3) lib/action_dispatch/middleware/callbacks.rb:27:in `call'
  actionpack (4.2.3) lib/action_dispatch/middleware/reloader.rb:73:in `call'
  actionpack (4.2.3) lib/action_dispatch/middleware/remote_ip.rb:78:in `call'
  actionpack (4.2.3) lib/action_dispatch/middleware/debug_exceptions.rb:17:in `call'
  web-console (2.2.1) lib/web_console/middleware.rb:39:in `call'
  actionpack (4.2.3) lib/action_dispatch/middleware/show_exceptions.rb:30:in `call'
  railties (4.2.3) lib/rails/rack/logger.rb:38:in `call_app'
  railties (4.2.3) lib/rails/rack/logger.rb:20:in `block in call'
  activesupport (4.2.3) lib/active_support/tagged_logging.rb:68:in `block in tagged'
  activesupport (4.2.3) lib/active_support/tagged_logging.rb:26:in `tagged'
  activesupport (4.2.3) lib/active_support/tagged_logging.rb:68:in `tagged'
  railties (4.2.3) lib/rails/rack/logger.rb:20:in `call'
  actionpack (4.2.3) lib/action_dispatch/middleware/request_id.rb:21:in `call'
  rack (1.6.4) lib/rack/methodoverride.rb:22:in `call'
  rack (1.6.4) lib/rack/runtime.rb:18:in `call'
  activesupport (4.2.3) lib/active_support/cache/strategy/local_cache_middleware.rb:28:in `call'
  rack (1.6.4) lib/rack/lock.rb:17:in `call'
  actionpack (4.2.3) lib/action_dispatch/middleware/static.rb:116:in `call'
  rack (1.6.4) lib/rack/sendfile.rb:113:in `call'
  railties (4.2.3) lib/rails/engine.rb:518:in `call'
  railties (4.2.3) lib/rails/application.rb:165:in `call'
  rack (1.6.4) lib/rack/lock.rb:17:in `call'
  rack (1.6.4) lib/rack/content_length.rb:15:in `call'
  rack (1.6.4) lib/rack/handler/webrick.rb:88:in `service'
  /Users/robertmorgan/.rvm/rubies/ruby-2.2.2/lib/ruby/2.2.0/webrick/httpserver.rb:138:in `service'
  /Users/robertmorgan/.rvm/rubies/ruby-2.2.2/lib/ruby/2.2.0/webrick/httpserver.rb:94:in `run'
  /Users/robertmorgan/.rvm/rubies/ruby-2.2.2/lib/ruby/2.2.0/webrick/server.rb:294:in `block in start_thread'


  Rendered /Users/robertmorgan/.rvm/gems/ruby-2.2.2/gems/actionpack-4.2.3/lib/action_dispatch/middleware/templates/rescues/_source.erb (5.8ms)
  Rendered /Users/robertmorgan/.rvm/gems/ruby-2.2.2/gems/actionpack-4.2.3/lib/action_dispatch/middleware/templates/rescues/_trace.html.erb (1.9ms)
  Rendered /Users/robertmorgan/.rvm/gems/ruby-2.2.2/gems/actionpack-4.2.3/lib/action_dispatch/middleware/templates/rescues/_request_and_response.html.erb (0.7ms)
  Rendered /Users/robertmorgan/.rvm/gems/ruby-2.2.2/gems/actionpack-4.2.3/lib/action_dispatch/middleware/templates/rescues/missing_template.html.erb within rescues/layout (47.0ms)
  Rendered /Users/robertmorgan/.rvm/gems/ruby-2.2.2/gems/web-console-2.2.1/lib/web_console/templates/_markup.html.erb (0.4ms)
  Rendered /Users/robertmorgan/.rvm/gems/ruby-2.2.2/gems/web-console-2.2.1/lib/web_console/templates/_inner_console_markup.html.erb within layouts/inlined_string (0.3ms)
  Rendered /Users/robertmorgan/.rvm/gems/ruby-2.2.2/gems/web-console-2.2.1/lib/web_console/templates/_prompt_box_markup.html.erb within layouts/inlined_string (0.3ms)
  Rendered /Users/robertmorgan/.rvm/gems/ruby-2.2.2/gems/web-console-2.2.1/lib/web_console/templates/style.css.erb within layouts/inlined_string (0.3ms)
  Rendered /Users/robertmorgan/.rvm/gems/ruby-2.2.2/gems/web-console-2.2.1/lib/web_console/templates/console.js.erb within layouts/javascript (41.2ms)
  Rendered /Users/robertmorgan/.rvm/gems/ruby-2.2.2/gems/web-console-2.2.1/lib/web_console/templates/main.js.erb within layouts/javascript (0.6ms)
  Rendered /Users/robertmorgan/.rvm/gems/ruby-2.2.2/gems/web-console-2.2.1/lib/web_console/templates/error_page.js.erb within layouts/javascript (0.4ms)
  Rendered /Users/robertmorgan/.rvm/gems/ruby-2.2.2/gems/web-console-2.2.1/lib/web_console/templates/index.html.erb (90.3ms)


Started GET "/restaurants" for ::1 at 2015-07-20 14:28:25 +0100
Processing by RestaurantsController#index as HTML
  Rendered restaurants/index.html.erb within layouts/application (1.0ms)
Completed 200 OK in 1354ms (Views: 1345.4ms | ActiveRecord: 0.0ms)


Started GET "/assets/restaurants.self-e3b0c44298fc1c149afbf4c8996fb92427ae41e4649b934ca495991b7852b855.css?body=1" for ::1 at 2015-07-20 14:28:27 +0100


Started GET "/assets/application.self-e80e8f2318043e8af94dddc2adad5a4f09739a8ebb323b3ab31cd71d45fd9113.css?body=1" for ::1 at 2015-07-20 14:28:27 +0100


Started GET "/assets/jquery.self-d03a5518f45df77341bdbe6201ba3bfa547ebba8ed64f0ea56bfa5f96ea7c074.js?body=1" for ::1 at 2015-07-20 14:28:27 +0100


Started GET "/assets/jquery_ujs.self-ca5248a2fad13d6bd58ea121318d642f195f0b2dd818b30615f785ff365e8d1f.js?body=1" for ::1 at 2015-07-20 14:28:27 +0100


Started GET "/assets/turbolinks.self-c37727e9bd6b2735da5c311aa83fead54ed0be6cc8bd9a65309e9c5abe2cbfff.js?body=1" for ::1 at 2015-07-20 14:28:27 +0100


Started GET "/assets/restaurants.self-877aef30ae1b040ab8a3aba4e3e309a11d7f2612f44dde450b5c157aa5f95c05.js?body=1" for ::1 at 2015-07-20 14:28:27 +0100


Started GET "/assets/application.self-3b8dabdc891efe46b9a144b400ad69e37d7e5876bdc39dee783419a69d7ca819.js?body=1" for ::1 at 2015-07-20 14:28:27 +0100


Started GET "/restaurants" for ::1 at 2015-07-20 14:28:30 +0100
Processing by RestaurantsController#index as HTML
  Rendered restaurants/index.html.erb within layouts/application (0.0ms)
Completed 200 OK in 43ms (Views: 41.7ms | ActiveRecord: 0.0ms)


Started GET "/assets/jquery.self-d03a5518f45df77341bdbe6201ba3bfa547ebba8ed64f0ea56bfa5f96ea7c074.js?body=1" for ::1 at 2015-07-20 14:28:30 +0100


Started GET "/assets/restaurants.self-e3b0c44298fc1c149afbf4c8996fb92427ae41e4649b934ca495991b7852b855.css?body=1" for ::1 at 2015-07-20 14:28:30 +0100


Started GET "/assets/application.self-e80e8f2318043e8af94dddc2adad5a4f09739a8ebb323b3ab31cd71d45fd9113.css?body=1" for ::1 at 2015-07-20 14:28:30 +0100


Started GET "/assets/turbolinks.self-c37727e9bd6b2735da5c311aa83fead54ed0be6cc8bd9a65309e9c5abe2cbfff.js?body=1" for ::1 at 2015-07-20 14:28:30 +0100


Started GET "/assets/jquery_ujs.self-ca5248a2fad13d6bd58ea121318d642f195f0b2dd818b30615f785ff365e8d1f.js?body=1" for ::1 at 2015-07-20 14:28:30 +0100


Started GET "/assets/restaurants.self-877aef30ae1b040ab8a3aba4e3e309a11d7f2612f44dde450b5c157aa5f95c05.js?body=1" for ::1 at 2015-07-20 14:28:30 +0100


Started GET "/assets/application.self-3b8dabdc891efe46b9a144b400ad69e37d7e5876bdc39dee783419a69d7ca819.js?body=1" for ::1 at 2015-07-20 14:28:30 +0100


Started GET "/restaurants" for ::1 at 2015-07-20 14:30:45 +0100
Processing by RestaurantsController#index as HTML
  Rendered restaurants/index.html.erb within layouts/application (0.8ms)
Completed 200 OK in 153ms (Views: 145.6ms | ActiveRecord: 0.0ms)


Started GET "/assets/application.self-e80e8f2318043e8af94dddc2adad5a4f09739a8ebb323b3ab31cd71d45fd9113.css?body=1" for ::1 at 2015-07-20 14:30:45 +0100


Started GET "/assets/jquery_ujs.self-ca5248a2fad13d6bd58ea121318d642f195f0b2dd818b30615f785ff365e8d1f.js?body=1" for ::1 at 2015-07-20 14:30:45 +0100


Started GET "/assets/restaurants.self-e3b0c44298fc1c149afbf4c8996fb92427ae41e4649b934ca495991b7852b855.css?body=1" for ::1 at 2015-07-20 14:30:45 +0100


Started GET "/assets/turbolinks.self-c37727e9bd6b2735da5c311aa83fead54ed0be6cc8bd9a65309e9c5abe2cbfff.js?body=1" for ::1 at 2015-07-20 14:30:45 +0100


Started GET "/assets/restaurants.self-877aef30ae1b040ab8a3aba4e3e309a11d7f2612f44dde450b5c157aa5f95c05.js?body=1" for ::1 at 2015-07-20 14:30:45 +0100


Started GET "/assets/jquery.self-d03a5518f45df77341bdbe6201ba3bfa547ebba8ed64f0ea56bfa5f96ea7c074.js?body=1" for ::1 at 2015-07-20 14:30:45 +0100


Started GET "/assets/application.self-3b8dabdc891efe46b9a144b400ad69e37d7e5876bdc39dee783419a69d7ca819.js?body=1" for ::1 at 2015-07-20 14:30:45 +0100


Started GET "/" for ::1 at 2015-07-20 14:36:54 +0100
Processing by Rails::WelcomeController#index as HTML
  Rendered /Users/DuskyShelf/.rvm/gems/ruby-2.1.5/gems/railties-4.2.3/lib/rails/templates/rails/welcome/index.html.erb (3.1ms)
Completed 200 OK in 25ms (Views: 12.7ms | ActiveRecord: 0.0ms)


Started GET "/restaurants" for ::1 at 2015-07-20 14:36:58 +0100
Processing by RestaurantsController#index as HTML
  Rendered restaurants/index.html.erb within layouts/application (0.5ms)
Completed 200 OK in 605ms (Views: 604.3ms | ActiveRecord: 0.0ms)


Started GET "/assets/jquery.self-d03a5518f45df77341bdbe6201ba3bfa547ebba8ed64f0ea56bfa5f96ea7c074.js?body=1" for ::1 at 2015-07-20 14:36:59 +0100


Started GET "/assets/restaurants.self-e3b0c44298fc1c149afbf4c8996fb92427ae41e4649b934ca495991b7852b855.css?body=1" for ::1 at 2015-07-20 14:36:59 +0100


Started GET "/assets/application.self-e80e8f2318043e8af94dddc2adad5a4f09739a8ebb323b3ab31cd71d45fd9113.css?body=1" for ::1 at 2015-07-20 14:36:59 +0100


Started GET "/assets/turbolinks.self-c37727e9bd6b2735da5c311aa83fead54ed0be6cc8bd9a65309e9c5abe2cbfff.js?body=1" for ::1 at 2015-07-20 14:36:59 +0100


Started GET "/assets/jquery_ujs.self-ca5248a2fad13d6bd58ea121318d642f195f0b2dd818b30615f785ff365e8d1f.js?body=1" for ::1 at 2015-07-20 14:36:59 +0100


Started GET "/assets/restaurants.self-877aef30ae1b040ab8a3aba4e3e309a11d7f2612f44dde450b5c157aa5f95c05.js?body=1" for ::1 at 2015-07-20 14:36:59 +0100


Started GET "/assets/application.self-3b8dabdc891efe46b9a144b400ad69e37d7e5876bdc39dee783419a69d7ca819.js?body=1" for ::1 at 2015-07-20 14:36:59 +0100


Started GET "/restaurants" for ::1 at 2015-07-20 15:24:16 +0100
  [1m[36mActiveRecord::SchemaMigration Load (0.6ms)[0m  [1mSELECT "schema_migrations".* FROM "schema_migrations"[0m
Processing by RestaurantsController#index as HTML
  [1m[35m (1.0ms)[0m  SELECT COUNT(*) FROM "restaurants"
  Rendered restaurants/index.html.erb within layouts/application (7.1ms)
Completed 200 OK in 268ms (Views: 252.6ms | ActiveRecord: 2.8ms)


Started GET "/assets/restaurants.self-e3b0c44298fc1c149afbf4c8996fb92427ae41e4649b934ca495991b7852b855.css?body=1" for ::1 at 2015-07-20 15:24:16 +0100


Started GET "/assets/application.self-e80e8f2318043e8af94dddc2adad5a4f09739a8ebb323b3ab31cd71d45fd9113.css?body=1" for ::1 at 2015-07-20 15:24:16 +0100


Started GET "/assets/restaurants.self-877aef30ae1b040ab8a3aba4e3e309a11d7f2612f44dde450b5c157aa5f95c05.js?body=1" for ::1 at 2015-07-20 15:24:16 +0100


Started GET "/assets/application.self-3b8dabdc891efe46b9a144b400ad69e37d7e5876bdc39dee783419a69d7ca819.js?body=1" for ::1 at 2015-07-20 15:24:16 +0100


Started GET "/assets/jquery.self-d03a5518f45df77341bdbe6201ba3bfa547ebba8ed64f0ea56bfa5f96ea7c074.js?body=1" for ::1 at 2015-07-20 15:24:16 +0100


Started GET "/assets/turbolinks.self-c37727e9bd6b2735da5c311aa83fead54ed0be6cc8bd9a65309e9c5abe2cbfff.js?body=1" for ::1 at 2015-07-20 15:24:16 +0100


Started GET "/assets/jquery_ujs.self-ca5248a2fad13d6bd58ea121318d642f195f0b2dd818b30615f785ff365e8d1f.js?body=1" for ::1 at 2015-07-20 15:24:16 +0100


Started GET "/restaurants/new" for ::1 at 2015-07-20 15:24:18 +0100
Processing by RestaurantsController#new as HTML
  Rendered restaurants/new.html.erb within layouts/application (31.5ms)
Completed 200 OK in 64ms (Views: 59.3ms | ActiveRecord: 3.5ms)


Started GET "/restaurants/new" for ::1 at 2015-07-20 15:25:16 +0100
  [1m[36mActiveRecord::SchemaMigration Load (0.4ms)[0m  [1mSELECT "schema_migrations".* FROM "schema_migrations"[0m
Processing by RestaurantsController#new as HTML
Completed 500 Internal Server Error in 10ms (ActiveRecord: 0.0ms)

RuntimeError (Hello Rob):
  app/controllers/restaurants_controller.rb:7:in `new'


  Rendered /Users/DuskyShelf/.rvm/gems/ruby-2.1.5/gems/actionpack-4.2.3/lib/action_dispatch/middleware/templates/rescues/_source.erb (36.2ms)
  Rendered /Users/DuskyShelf/.rvm/gems/ruby-2.1.5/gems/actionpack-4.2.3/lib/action_dispatch/middleware/templates/rescues/_trace.html.erb (4.2ms)
  Rendered /Users/DuskyShelf/.rvm/gems/ruby-2.1.5/gems/actionpack-4.2.3/lib/action_dispatch/middleware/templates/rescues/_request_and_response.html.erb (1.1ms)
  Rendered /Users/DuskyShelf/.rvm/gems/ruby-2.1.5/gems/actionpack-4.2.3/lib/action_dispatch/middleware/templates/rescues/diagnostics.html.erb within rescues/layout (60.9ms)
  Rendered /Users/DuskyShelf/.rvm/gems/ruby-2.1.5/gems/web-console-2.2.1/lib/web_console/templates/_markup.html.erb (0.4ms)
  Rendered /Users/DuskyShelf/.rvm/gems/ruby-2.1.5/gems/web-console-2.2.1/lib/web_console/templates/_inner_console_markup.html.erb within layouts/inlined_string (0.5ms)
  Rendered /Users/DuskyShelf/.rvm/gems/ruby-2.1.5/gems/web-console-2.2.1/lib/web_console/templates/_prompt_box_markup.html.erb within layouts/inlined_string (0.6ms)
  Rendered /Users/DuskyShelf/.rvm/gems/ruby-2.1.5/gems/web-console-2.2.1/lib/web_console/templates/style.css.erb within layouts/inlined_string (0.5ms)
  Rendered /Users/DuskyShelf/.rvm/gems/ruby-2.1.5/gems/web-console-2.2.1/lib/web_console/templates/console.js.erb within layouts/javascript (26.1ms)
  Rendered /Users/DuskyShelf/.rvm/gems/ruby-2.1.5/gems/web-console-2.2.1/lib/web_console/templates/main.js.erb within layouts/javascript (0.3ms)
  Rendered /Users/DuskyShelf/.rvm/gems/ruby-2.1.5/gems/web-console-2.2.1/lib/web_console/templates/error_page.js.erb within layouts/javascript (1.0ms)
  Rendered /Users/DuskyShelf/.rvm/gems/ruby-2.1.5/gems/web-console-2.2.1/lib/web_console/templates/index.html.erb (53.8ms)


Started GET "/restaurants/new" for ::1 at 2015-07-20 15:25:43 +0100
Processing by RestaurantsController#new as HTML
  Rendered restaurants/new.html.erb within layouts/application (31.1ms)
Completed 200 OK in 388ms (Views: 383.6ms | ActiveRecord: 3.0ms)


Started GET "/assets/application.self-e80e8f2318043e8af94dddc2adad5a4f09739a8ebb323b3ab31cd71d45fd9113.css?body=1" for ::1 at 2015-07-20 15:25:43 +0100


Started GET "/assets/restaurants.self-e3b0c44298fc1c149afbf4c8996fb92427ae41e4649b934ca495991b7852b855.css?body=1" for ::1 at 2015-07-20 15:25:43 +0100


Started GET "/assets/jquery.self-d03a5518f45df77341bdbe6201ba3bfa547ebba8ed64f0ea56bfa5f96ea7c074.js?body=1" for ::1 at 2015-07-20 15:25:43 +0100


Started GET "/assets/application.self-3b8dabdc891efe46b9a144b400ad69e37d7e5876bdc39dee783419a69d7ca819.js?body=1" for ::1 at 2015-07-20 15:25:43 +0100


Started GET "/assets/turbolinks.self-c37727e9bd6b2735da5c311aa83fead54ed0be6cc8bd9a65309e9c5abe2cbfff.js?body=1" for ::1 at 2015-07-20 15:25:43 +0100


Started GET "/assets/restaurants.self-877aef30ae1b040ab8a3aba4e3e309a11d7f2612f44dde450b5c157aa5f95c05.js?body=1" for ::1 at 2015-07-20 15:25:43 +0100


Started GET "/assets/jquery_ujs.self-ca5248a2fad13d6bd58ea121318d642f195f0b2dd818b30615f785ff365e8d1f.js?body=1" for ::1 at 2015-07-20 15:25:43 +0100


Started GET "/restaurants/new" for ::1 at 2015-07-20 15:26:15 +0100
Processing by RestaurantsController#new as HTML
  Rendered restaurants/new.html.erb within layouts/application (1.7ms)
Completed 200 OK in 26ms (Views: 25.4ms | ActiveRecord: 0.0ms)


Started GET "/assets/application.self-e80e8f2318043e8af94dddc2adad5a4f09739a8ebb323b3ab31cd71d45fd9113.css?body=1" for ::1 at 2015-07-20 15:26:15 +0100


Started GET "/assets/jquery.self-d03a5518f45df77341bdbe6201ba3bfa547ebba8ed64f0ea56bfa5f96ea7c074.js?body=1" for ::1 at 2015-07-20 15:26:15 +0100


Started GET "/assets/restaurants.self-e3b0c44298fc1c149afbf4c8996fb92427ae41e4649b934ca495991b7852b855.css?body=1" for ::1 at 2015-07-20 15:26:15 +0100


Started GET "/assets/turbolinks.self-c37727e9bd6b2735da5c311aa83fead54ed0be6cc8bd9a65309e9c5abe2cbfff.js?body=1" for ::1 at 2015-07-20 15:26:15 +0100


Started GET "/assets/jquery_ujs.self-ca5248a2fad13d6bd58ea121318d642f195f0b2dd818b30615f785ff365e8d1f.js?body=1" for ::1 at 2015-07-20 15:26:16 +0100


Started GET "/assets/application.self-3b8dabdc891efe46b9a144b400ad69e37d7e5876bdc39dee783419a69d7ca819.js?body=1" for ::1 at 2015-07-20 15:26:16 +0100


Started GET "/assets/restaurants.self-877aef30ae1b040ab8a3aba4e3e309a11d7f2612f44dde450b5c157aa5f95c05.js?body=1" for ::1 at 2015-07-20 15:26:16 +0100


Started POST "/restaurants" for ::1 at 2015-07-20 15:26:23 +0100

AbstractController::ActionNotFound (The action 'create' could not be found for RestaurantsController):
  actionpack (4.2.3) lib/abstract_controller/base.rb:132:in `process'
  actionview (4.2.3) lib/action_view/rendering.rb:30:in `process'
  actionpack (4.2.3) lib/action_controller/metal.rb:196:in `dispatch'
  actionpack (4.2.3) lib/action_controller/metal/rack_delegation.rb:13:in `dispatch'
  actionpack (4.2.3) lib/action_controller/metal.rb:237:in `block in action'
  actionpack (4.2.3) lib/action_dispatch/routing/route_set.rb:76:in `call'
  actionpack (4.2.3) lib/action_dispatch/routing/route_set.rb:76:in `dispatch'
  actionpack (4.2.3) lib/action_dispatch/routing/route_set.rb:45:in `serve'
  actionpack (4.2.3) lib/action_dispatch/journey/router.rb:43:in `block in serve'
  actionpack (4.2.3) lib/action_dispatch/journey/router.rb:30:in `each'
  actionpack (4.2.3) lib/action_dispatch/journey/router.rb:30:in `serve'
  actionpack (4.2.3) lib/action_dispatch/routing/route_set.rb:821:in `call'
  rack (1.6.4) lib/rack/etag.rb:24:in `call'
  rack (1.6.4) lib/rack/conditionalget.rb:38:in `call'
  rack (1.6.4) lib/rack/head.rb:13:in `call'
  actionpack (4.2.3) lib/action_dispatch/middleware/params_parser.rb:27:in `call'
  actionpack (4.2.3) lib/action_dispatch/middleware/flash.rb:260:in `call'
  rack (1.6.4) lib/rack/session/abstract/id.rb:225:in `context'
  rack (1.6.4) lib/rack/session/abstract/id.rb:220:in `call'
  actionpack (4.2.3) lib/action_dispatch/middleware/cookies.rb:560:in `call'
  activerecord (4.2.3) lib/active_record/query_cache.rb:36:in `call'
  activerecord (4.2.3) lib/active_record/connection_adapters/abstract/connection_pool.rb:653:in `call'
  activerecord (4.2.3) lib/active_record/migration.rb:377:in `call'
  actionpack (4.2.3) lib/action_dispatch/middleware/callbacks.rb:29:in `block in call'
  activesupport (4.2.3) lib/active_support/callbacks.rb:84:in `run_callbacks'
  actionpack (4.2.3) lib/action_dispatch/middleware/callbacks.rb:27:in `call'
  actionpack (4.2.3) lib/action_dispatch/middleware/reloader.rb:73:in `call'
  actionpack (4.2.3) lib/action_dispatch/middleware/remote_ip.rb:78:in `call'
  actionpack (4.2.3) lib/action_dispatch/middleware/debug_exceptions.rb:17:in `call'
  web-console (2.2.1) lib/web_console/middleware.rb:39:in `call'
  actionpack (4.2.3) lib/action_dispatch/middleware/show_exceptions.rb:30:in `call'
  railties (4.2.3) lib/rails/rack/logger.rb:38:in `call_app'
  railties (4.2.3) lib/rails/rack/logger.rb:20:in `block in call'
  activesupport (4.2.3) lib/active_support/tagged_logging.rb:68:in `block in tagged'
  activesupport (4.2.3) lib/active_support/tagged_logging.rb:26:in `tagged'
  activesupport (4.2.3) lib/active_support/tagged_logging.rb:68:in `tagged'
  railties (4.2.3) lib/rails/rack/logger.rb:20:in `call'
  actionpack (4.2.3) lib/action_dispatch/middleware/request_id.rb:21:in `call'
  rack (1.6.4) lib/rack/methodoverride.rb:22:in `call'
  rack (1.6.4) lib/rack/runtime.rb:18:in `call'
  activesupport (4.2.3) lib/active_support/cache/strategy/local_cache_middleware.rb:28:in `call'
  rack (1.6.4) lib/rack/lock.rb:17:in `call'
  actionpack (4.2.3) lib/action_dispatch/middleware/static.rb:116:in `call'
  rack (1.6.4) lib/rack/sendfile.rb:113:in `call'
  railties (4.2.3) lib/rails/engine.rb:518:in `call'
  railties (4.2.3) lib/rails/application.rb:165:in `call'
  rack (1.6.4) lib/rack/lock.rb:17:in `call'
  rack (1.6.4) lib/rack/content_length.rb:15:in `call'
  rack (1.6.4) lib/rack/handler/webrick.rb:88:in `service'
  /Users/DuskyShelf/.rvm/rubies/ruby-2.1.5/lib/ruby/2.1.0/webrick/httpserver.rb:138:in `service'
  /Users/DuskyShelf/.rvm/rubies/ruby-2.1.5/lib/ruby/2.1.0/webrick/httpserver.rb:94:in `run'
  /Users/DuskyShelf/.rvm/rubies/ruby-2.1.5/lib/ruby/2.1.0/webrick/server.rb:295:in `block in start_thread'


  Rendered /Users/DuskyShelf/.rvm/gems/ruby-2.1.5/gems/actionpack-4.2.3/lib/action_dispatch/middleware/templates/rescues/unknown_action.html.erb within rescues/layout (0.5ms)
  Rendered /Users/DuskyShelf/.rvm/gems/ruby-2.1.5/gems/web-console-2.2.1/lib/web_console/templates/_markup.html.erb (0.4ms)
  Rendered /Users/DuskyShelf/.rvm/gems/ruby-2.1.5/gems/web-console-2.2.1/lib/web_console/templates/_inner_console_markup.html.erb within layouts/inlined_string (0.4ms)
  Rendered /Users/DuskyShelf/.rvm/gems/ruby-2.1.5/gems/web-console-2.2.1/lib/web_console/templates/_prompt_box_markup.html.erb within layouts/inlined_string (0.6ms)
  Rendered /Users/DuskyShelf/.rvm/gems/ruby-2.1.5/gems/web-console-2.2.1/lib/web_console/templates/style.css.erb within layouts/inlined_string (0.5ms)
  Rendered /Users/DuskyShelf/.rvm/gems/ruby-2.1.5/gems/web-console-2.2.1/lib/web_console/templates/console.js.erb within layouts/javascript (21.8ms)
  Rendered /Users/DuskyShelf/.rvm/gems/ruby-2.1.5/gems/web-console-2.2.1/lib/web_console/templates/main.js.erb within layouts/javascript (0.3ms)
  Rendered /Users/DuskyShelf/.rvm/gems/ruby-2.1.5/gems/web-console-2.2.1/lib/web_console/templates/error_page.js.erb within layouts/javascript (0.4ms)
  Rendered /Users/DuskyShelf/.rvm/gems/ruby-2.1.5/gems/web-console-2.2.1/lib/web_console/templates/index.html.erb (40.8ms)


Started GET "/restaurants/" for ::1 at 2015-07-20 15:36:44 +0100
  [1m[36mActiveRecord::SchemaMigration Load (0.5ms)[0m  [1mSELECT "schema_migrations".* FROM "schema_migrations"[0m
Processing by RestaurantsController#index as HTML
  [1m[35m (0.3ms)[0m  SELECT COUNT(*) FROM "restaurants"
  Rendered restaurants/index.html.erb within layouts/application (4.9ms)
Completed 200 OK in 257ms (Views: 241.9ms | ActiveRecord: 1.3ms)


Started GET "/restaurants/restaurants/new" for ::1 at 2015-07-20 15:36:47 +0100

ActionController::RoutingError (No route matches [GET] "/restaurants/restaurants/new"):
  actionpack (4.2.3) lib/action_dispatch/middleware/debug_exceptions.rb:21:in `call'
  web-console (2.2.1) lib/web_console/middleware.rb:39:in `call'
  actionpack (4.2.3) lib/action_dispatch/middleware/show_exceptions.rb:30:in `call'
  railties (4.2.3) lib/rails/rack/logger.rb:38:in `call_app'
  railties (4.2.3) lib/rails/rack/logger.rb:20:in `block in call'
  activesupport (4.2.3) lib/active_support/tagged_logging.rb:68:in `block in tagged'
  activesupport (4.2.3) lib/active_support/tagged_logging.rb:26:in `tagged'
  activesupport (4.2.3) lib/active_support/tagged_logging.rb:68:in `tagged'
  railties (4.2.3) lib/rails/rack/logger.rb:20:in `call'
  actionpack (4.2.3) lib/action_dispatch/middleware/request_id.rb:21:in `call'
  rack (1.6.4) lib/rack/methodoverride.rb:22:in `call'
  rack (1.6.4) lib/rack/runtime.rb:18:in `call'
  activesupport (4.2.3) lib/active_support/cache/strategy/local_cache_middleware.rb:28:in `call'
  rack (1.6.4) lib/rack/lock.rb:17:in `call'
  actionpack (4.2.3) lib/action_dispatch/middleware/static.rb:116:in `call'
  rack (1.6.4) lib/rack/sendfile.rb:113:in `call'
  railties (4.2.3) lib/rails/engine.rb:518:in `call'
  railties (4.2.3) lib/rails/application.rb:165:in `call'
  rack (1.6.4) lib/rack/lock.rb:17:in `call'
  rack (1.6.4) lib/rack/content_length.rb:15:in `call'
  rack (1.6.4) lib/rack/handler/webrick.rb:88:in `service'
  /Users/DuskyShelf/.rvm/rubies/ruby-2.1.5/lib/ruby/2.1.0/webrick/httpserver.rb:138:in `service'
  /Users/DuskyShelf/.rvm/rubies/ruby-2.1.5/lib/ruby/2.1.0/webrick/httpserver.rb:94:in `run'
  /Users/DuskyShelf/.rvm/rubies/ruby-2.1.5/lib/ruby/2.1.0/webrick/server.rb:295:in `block in start_thread'


  Rendered /Users/DuskyShelf/.rvm/gems/ruby-2.1.5/gems/actionpack-4.2.3/lib/action_dispatch/middleware/templates/rescues/_trace.html.erb (1.2ms)
  Rendered /Users/DuskyShelf/.rvm/gems/ruby-2.1.5/gems/actionpack-4.2.3/lib/action_dispatch/middleware/templates/routes/_route.html.erb (1.0ms)
  Rendered /Users/DuskyShelf/.rvm/gems/ruby-2.1.5/gems/actionpack-4.2.3/lib/action_dispatch/middleware/templates/routes/_table.html.erb (8.7ms)
  Rendered /Users/DuskyShelf/.rvm/gems/ruby-2.1.5/gems/actionpack-4.2.3/lib/action_dispatch/middleware/templates/rescues/_request_and_response.html.erb (1.7ms)
  Rendered /Users/DuskyShelf/.rvm/gems/ruby-2.1.5/gems/actionpack-4.2.3/lib/action_dispatch/middleware/templates/rescues/routing_error.html.erb within rescues/layout (40.9ms)
  Rendered /Users/DuskyShelf/.rvm/gems/ruby-2.1.5/gems/web-console-2.2.1/lib/web_console/templates/_markup.html.erb (0.5ms)
  Rendered /Users/DuskyShelf/.rvm/gems/ruby-2.1.5/gems/web-console-2.2.1/lib/web_console/templates/_inner_console_markup.html.erb within layouts/inlined_string (0.6ms)
  Rendered /Users/DuskyShelf/.rvm/gems/ruby-2.1.5/gems/web-console-2.2.1/lib/web_console/templates/_prompt_box_markup.html.erb within layouts/inlined_string (0.4ms)
  Rendered /Users/DuskyShelf/.rvm/gems/ruby-2.1.5/gems/web-console-2.2.1/lib/web_console/templates/style.css.erb within layouts/inlined_string (0.4ms)
  Rendered /Users/DuskyShelf/.rvm/gems/ruby-2.1.5/gems/web-console-2.2.1/lib/web_console/templates/console.js.erb within layouts/javascript (20.7ms)
  Rendered /Users/DuskyShelf/.rvm/gems/ruby-2.1.5/gems/web-console-2.2.1/lib/web_console/templates/main.js.erb within layouts/javascript (0.3ms)
  Rendered /Users/DuskyShelf/.rvm/gems/ruby-2.1.5/gems/web-console-2.2.1/lib/web_console/templates/error_page.js.erb within layouts/javascript (0.4ms)
  Rendered /Users/DuskyShelf/.rvm/gems/ruby-2.1.5/gems/web-console-2.2.1/lib/web_console/templates/index.html.erb (46.0ms)


Started GET "/restaurants/restaurants/new" for ::1 at 2015-07-20 15:36:47 +0100

ActionController::RoutingError (No route matches [GET] "/restaurants/restaurants/new"):
  actionpack (4.2.3) lib/action_dispatch/middleware/debug_exceptions.rb:21:in `call'
  web-console (2.2.1) lib/web_console/middleware.rb:39:in `call'
  actionpack (4.2.3) lib/action_dispatch/middleware/show_exceptions.rb:30:in `call'
  railties (4.2.3) lib/rails/rack/logger.rb:38:in `call_app'
  railties (4.2.3) lib/rails/rack/logger.rb:20:in `block in call'
  activesupport (4.2.3) lib/active_support/tagged_logging.rb:68:in `block in tagged'
  activesupport (4.2.3) lib/active_support/tagged_logging.rb:26:in `tagged'
  activesupport (4.2.3) lib/active_support/tagged_logging.rb:68:in `tagged'
  railties (4.2.3) lib/rails/rack/logger.rb:20:in `call'
  actionpack (4.2.3) lib/action_dispatch/middleware/request_id.rb:21:in `call'
  rack (1.6.4) lib/rack/methodoverride.rb:22:in `call'
  rack (1.6.4) lib/rack/runtime.rb:18:in `call'
  activesupport (4.2.3) lib/active_support/cache/strategy/local_cache_middleware.rb:28:in `call'
  rack (1.6.4) lib/rack/lock.rb:17:in `call'
  actionpack (4.2.3) lib/action_dispatch/middleware/static.rb:116:in `call'
  rack (1.6.4) lib/rack/sendfile.rb:113:in `call'
  railties (4.2.3) lib/rails/engine.rb:518:in `call'
  railties (4.2.3) lib/rails/application.rb:165:in `call'
  rack (1.6.4) lib/rack/lock.rb:17:in `call'
  rack (1.6.4) lib/rack/content_length.rb:15:in `call'
  rack (1.6.4) lib/rack/handler/webrick.rb:88:in `service'
  /Users/DuskyShelf/.rvm/rubies/ruby-2.1.5/lib/ruby/2.1.0/webrick/httpserver.rb:138:in `service'
  /Users/DuskyShelf/.rvm/rubies/ruby-2.1.5/lib/ruby/2.1.0/webrick/httpserver.rb:94:in `run'
  /Users/DuskyShelf/.rvm/rubies/ruby-2.1.5/lib/ruby/2.1.0/webrick/server.rb:295:in `block in start_thread'


  Rendered /Users/DuskyShelf/.rvm/gems/ruby-2.1.5/gems/actionpack-4.2.3/lib/action_dispatch/middleware/templates/rescues/_trace.html.erb (1.4ms)
  Rendered /Users/DuskyShelf/.rvm/gems/ruby-2.1.5/gems/actionpack-4.2.3/lib/action_dispatch/middleware/templates/routes/_route.html.erb (0.9ms)
  Rendered /Users/DuskyShelf/.rvm/gems/ruby-2.1.5/gems/actionpack-4.2.3/lib/action_dispatch/middleware/templates/routes/_table.html.erb (1.2ms)
  Rendered /Users/DuskyShelf/.rvm/gems/ruby-2.1.5/gems/actionpack-4.2.3/lib/action_dispatch/middleware/templates/rescues/_request_and_response.html.erb (2.1ms)
  Rendered /Users/DuskyShelf/.rvm/gems/ruby-2.1.5/gems/actionpack-4.2.3/lib/action_dispatch/middleware/templates/rescues/routing_error.html.erb within rescues/layout (22.6ms)
  Rendered /Users/DuskyShelf/.rvm/gems/ruby-2.1.5/gems/web-console-2.2.1/lib/web_console/templates/_markup.html.erb (0.5ms)
  Rendered /Users/DuskyShelf/.rvm/gems/ruby-2.1.5/gems/web-console-2.2.1/lib/web_console/templates/_inner_console_markup.html.erb within layouts/inlined_string (0.3ms)
  Rendered /Users/DuskyShelf/.rvm/gems/ruby-2.1.5/gems/web-console-2.2.1/lib/web_console/templates/_prompt_box_markup.html.erb within layouts/inlined_string (0.3ms)
  Rendered /Users/DuskyShelf/.rvm/gems/ruby-2.1.5/gems/web-console-2.2.1/lib/web_console/templates/style.css.erb within layouts/inlined_string (0.3ms)
  Rendered /Users/DuskyShelf/.rvm/gems/ruby-2.1.5/gems/web-console-2.2.1/lib/web_console/templates/console.js.erb within layouts/javascript (14.2ms)
  Rendered /Users/DuskyShelf/.rvm/gems/ruby-2.1.5/gems/web-console-2.2.1/lib/web_console/templates/main.js.erb within layouts/javascript (0.3ms)
  Rendered /Users/DuskyShelf/.rvm/gems/ruby-2.1.5/gems/web-console-2.2.1/lib/web_console/templates/error_page.js.erb within layouts/javascript (0.4ms)
  Rendered /Users/DuskyShelf/.rvm/gems/ruby-2.1.5/gems/web-console-2.2.1/lib/web_console/templates/index.html.erb (34.3ms)


Started GET "/restaurants/restaurants/new" for ::1 at 2015-07-20 15:37:13 +0100

ActionController::RoutingError (No route matches [GET] "/restaurants/restaurants/new"):
  actionpack (4.2.3) lib/action_dispatch/middleware/debug_exceptions.rb:21:in `call'
  web-console (2.2.1) lib/web_console/middleware.rb:39:in `call'
  actionpack (4.2.3) lib/action_dispatch/middleware/show_exceptions.rb:30:in `call'
  railties (4.2.3) lib/rails/rack/logger.rb:38:in `call_app'
  railties (4.2.3) lib/rails/rack/logger.rb:20:in `block in call'
  activesupport (4.2.3) lib/active_support/tagged_logging.rb:68:in `block in tagged'
  activesupport (4.2.3) lib/active_support/tagged_logging.rb:26:in `tagged'
  activesupport (4.2.3) lib/active_support/tagged_logging.rb:68:in `tagged'
  railties (4.2.3) lib/rails/rack/logger.rb:20:in `call'
  actionpack (4.2.3) lib/action_dispatch/middleware/request_id.rb:21:in `call'
  rack (1.6.4) lib/rack/methodoverride.rb:22:in `call'
  rack (1.6.4) lib/rack/runtime.rb:18:in `call'
  activesupport (4.2.3) lib/active_support/cache/strategy/local_cache_middleware.rb:28:in `call'
  rack (1.6.4) lib/rack/lock.rb:17:in `call'
  actionpack (4.2.3) lib/action_dispatch/middleware/static.rb:116:in `call'
  rack (1.6.4) lib/rack/sendfile.rb:113:in `call'
  railties (4.2.3) lib/rails/engine.rb:518:in `call'
  railties (4.2.3) lib/rails/application.rb:165:in `call'
  rack (1.6.4) lib/rack/lock.rb:17:in `call'
  rack (1.6.4) lib/rack/content_length.rb:15:in `call'
  rack (1.6.4) lib/rack/handler/webrick.rb:88:in `service'
  /Users/DuskyShelf/.rvm/rubies/ruby-2.1.5/lib/ruby/2.1.0/webrick/httpserver.rb:138:in `service'
  /Users/DuskyShelf/.rvm/rubies/ruby-2.1.5/lib/ruby/2.1.0/webrick/httpserver.rb:94:in `run'
  /Users/DuskyShelf/.rvm/rubies/ruby-2.1.5/lib/ruby/2.1.0/webrick/server.rb:295:in `block in start_thread'


  Rendered /Users/DuskyShelf/.rvm/gems/ruby-2.1.5/gems/actionpack-4.2.3/lib/action_dispatch/middleware/templates/rescues/_trace.html.erb (1.1ms)
  Rendered /Users/DuskyShelf/.rvm/gems/ruby-2.1.5/gems/actionpack-4.2.3/lib/action_dispatch/middleware/templates/routes/_route.html.erb (0.9ms)
  Rendered /Users/DuskyShelf/.rvm/gems/ruby-2.1.5/gems/actionpack-4.2.3/lib/action_dispatch/middleware/templates/routes/_table.html.erb (1.2ms)
  Rendered /Users/DuskyShelf/.rvm/gems/ruby-2.1.5/gems/actionpack-4.2.3/lib/action_dispatch/middleware/templates/rescues/_request_and_response.html.erb (1.6ms)
  Rendered /Users/DuskyShelf/.rvm/gems/ruby-2.1.5/gems/actionpack-4.2.3/lib/action_dispatch/middleware/templates/rescues/routing_error.html.erb within rescues/layout (21.6ms)
  Rendered /Users/DuskyShelf/.rvm/gems/ruby-2.1.5/gems/web-console-2.2.1/lib/web_console/templates/_markup.html.erb (0.6ms)
  Rendered /Users/DuskyShelf/.rvm/gems/ruby-2.1.5/gems/web-console-2.2.1/lib/web_console/templates/_inner_console_markup.html.erb within layouts/inlined_string (0.3ms)
  Rendered /Users/DuskyShelf/.rvm/gems/ruby-2.1.5/gems/web-console-2.2.1/lib/web_console/templates/_prompt_box_markup.html.erb within layouts/inlined_string (0.3ms)
  Rendered /Users/DuskyShelf/.rvm/gems/ruby-2.1.5/gems/web-console-2.2.1/lib/web_console/templates/style.css.erb within layouts/inlined_string (0.4ms)
  Rendered /Users/DuskyShelf/.rvm/gems/ruby-2.1.5/gems/web-console-2.2.1/lib/web_console/templates/console.js.erb within layouts/javascript (17.1ms)
  Rendered /Users/DuskyShelf/.rvm/gems/ruby-2.1.5/gems/web-console-2.2.1/lib/web_console/templates/main.js.erb within layouts/javascript (0.3ms)
  Rendered /Users/DuskyShelf/.rvm/gems/ruby-2.1.5/gems/web-console-2.2.1/lib/web_console/templates/error_page.js.erb within layouts/javascript (0.4ms)
  Rendered /Users/DuskyShelf/.rvm/gems/ruby-2.1.5/gems/web-console-2.2.1/lib/web_console/templates/index.html.erb (34.0ms)


Started GET "/restaurants/restaurants/new" for ::1 at 2015-07-20 15:37:13 +0100

ActionController::RoutingError (No route matches [GET] "/restaurants/restaurants/new"):
  actionpack (4.2.3) lib/action_dispatch/middleware/debug_exceptions.rb:21:in `call'
  web-console (2.2.1) lib/web_console/middleware.rb:39:in `call'
  actionpack (4.2.3) lib/action_dispatch/middleware/show_exceptions.rb:30:in `call'
  railties (4.2.3) lib/rails/rack/logger.rb:38:in `call_app'
  railties (4.2.3) lib/rails/rack/logger.rb:20:in `block in call'
  activesupport (4.2.3) lib/active_support/tagged_logging.rb:68:in `block in tagged'
  activesupport (4.2.3) lib/active_support/tagged_logging.rb:26:in `tagged'
  activesupport (4.2.3) lib/active_support/tagged_logging.rb:68:in `tagged'
  railties (4.2.3) lib/rails/rack/logger.rb:20:in `call'
  actionpack (4.2.3) lib/action_dispatch/middleware/request_id.rb:21:in `call'
  rack (1.6.4) lib/rack/methodoverride.rb:22:in `call'
  rack (1.6.4) lib/rack/runtime.rb:18:in `call'
  activesupport (4.2.3) lib/active_support/cache/strategy/local_cache_middleware.rb:28:in `call'
  rack (1.6.4) lib/rack/lock.rb:17:in `call'
  actionpack (4.2.3) lib/action_dispatch/middleware/static.rb:116:in `call'
  rack (1.6.4) lib/rack/sendfile.rb:113:in `call'
  railties (4.2.3) lib/rails/engine.rb:518:in `call'
  railties (4.2.3) lib/rails/application.rb:165:in `call'
  rack (1.6.4) lib/rack/lock.rb:17:in `call'
  rack (1.6.4) lib/rack/content_length.rb:15:in `call'
  rack (1.6.4) lib/rack/handler/webrick.rb:88:in `service'
  /Users/DuskyShelf/.rvm/rubies/ruby-2.1.5/lib/ruby/2.1.0/webrick/httpserver.rb:138:in `service'
  /Users/DuskyShelf/.rvm/rubies/ruby-2.1.5/lib/ruby/2.1.0/webrick/httpserver.rb:94:in `run'
  /Users/DuskyShelf/.rvm/rubies/ruby-2.1.5/lib/ruby/2.1.0/webrick/server.rb:295:in `block in start_thread'


  Rendered /Users/DuskyShelf/.rvm/gems/ruby-2.1.5/gems/actionpack-4.2.3/lib/action_dispatch/middleware/templates/rescues/_trace.html.erb (2.1ms)
  Rendered /Users/DuskyShelf/.rvm/gems/ruby-2.1.5/gems/actionpack-4.2.3/lib/action_dispatch/middleware/templates/routes/_route.html.erb (0.9ms)
  Rendered /Users/DuskyShelf/.rvm/gems/ruby-2.1.5/gems/actionpack-4.2.3/lib/action_dispatch/middleware/templates/routes/_table.html.erb (1.1ms)
  Rendered /Users/DuskyShelf/.rvm/gems/ruby-2.1.5/gems/actionpack-4.2.3/lib/action_dispatch/middleware/templates/rescues/_request_and_response.html.erb (1.3ms)
  Rendered /Users/DuskyShelf/.rvm/gems/ruby-2.1.5/gems/actionpack-4.2.3/lib/action_dispatch/middleware/templates/rescues/routing_error.html.erb within rescues/layout (25.0ms)
  Rendered /Users/DuskyShelf/.rvm/gems/ruby-2.1.5/gems/web-console-2.2.1/lib/web_console/templates/_markup.html.erb (0.4ms)
  Rendered /Users/DuskyShelf/.rvm/gems/ruby-2.1.5/gems/web-console-2.2.1/lib/web_console/templates/_inner_console_markup.html.erb within layouts/inlined_string (0.3ms)
  Rendered /Users/DuskyShelf/.rvm/gems/ruby-2.1.5/gems/web-console-2.2.1/lib/web_console/templates/_prompt_box_markup.html.erb within layouts/inlined_string (0.3ms)
  Rendered /Users/DuskyShelf/.rvm/gems/ruby-2.1.5/gems/web-console-2.2.1/lib/web_console/templates/style.css.erb within layouts/inlined_string (0.4ms)
  Rendered /Users/DuskyShelf/.rvm/gems/ruby-2.1.5/gems/web-console-2.2.1/lib/web_console/templates/console.js.erb within layouts/javascript (16.5ms)
  Rendered /Users/DuskyShelf/.rvm/gems/ruby-2.1.5/gems/web-console-2.2.1/lib/web_console/templates/main.js.erb within layouts/javascript (0.5ms)
  Rendered /Users/DuskyShelf/.rvm/gems/ruby-2.1.5/gems/web-console-2.2.1/lib/web_console/templates/error_page.js.erb within layouts/javascript (0.5ms)
  Rendered /Users/DuskyShelf/.rvm/gems/ruby-2.1.5/gems/web-console-2.2.1/lib/web_console/templates/index.html.erb (35.4ms)


Started GET "/restaurants/" for ::1 at 2015-07-20 15:37:34 +0100
  [1m[36mActiveRecord::SchemaMigration Load (0.4ms)[0m  [1mSELECT "schema_migrations".* FROM "schema_migrations"[0m
Processing by RestaurantsController#index as HTML
  [1m[35m (0.4ms)[0m  SELECT COUNT(*) FROM "restaurants"
  Rendered restaurants/index.html.erb within layouts/application (4.8ms)
Completed 200 OK in 241ms (Views: 226.2ms | ActiveRecord: 1.2ms)


Started GET "/new" for ::1 at 2015-07-20 15:37:36 +0100

ActionController::RoutingError (No route matches [GET] "/new"):
  actionpack (4.2.3) lib/action_dispatch/middleware/debug_exceptions.rb:21:in `call'
  web-console (2.2.1) lib/web_console/middleware.rb:39:in `call'
  actionpack (4.2.3) lib/action_dispatch/middleware/show_exceptions.rb:30:in `call'
  railties (4.2.3) lib/rails/rack/logger.rb:38:in `call_app'
  railties (4.2.3) lib/rails/rack/logger.rb:20:in `block in call'
  activesupport (4.2.3) lib/active_support/tagged_logging.rb:68:in `block in tagged'
  activesupport (4.2.3) lib/active_support/tagged_logging.rb:26:in `tagged'
  activesupport (4.2.3) lib/active_support/tagged_logging.rb:68:in `tagged'
  railties (4.2.3) lib/rails/rack/logger.rb:20:in `call'
  actionpack (4.2.3) lib/action_dispatch/middleware/request_id.rb:21:in `call'
  rack (1.6.4) lib/rack/methodoverride.rb:22:in `call'
  rack (1.6.4) lib/rack/runtime.rb:18:in `call'
  activesupport (4.2.3) lib/active_support/cache/strategy/local_cache_middleware.rb:28:in `call'
  rack (1.6.4) lib/rack/lock.rb:17:in `call'
  actionpack (4.2.3) lib/action_dispatch/middleware/static.rb:116:in `call'
  rack (1.6.4) lib/rack/sendfile.rb:113:in `call'
  railties (4.2.3) lib/rails/engine.rb:518:in `call'
  railties (4.2.3) lib/rails/application.rb:165:in `call'
  rack (1.6.4) lib/rack/lock.rb:17:in `call'
  rack (1.6.4) lib/rack/content_length.rb:15:in `call'
  rack (1.6.4) lib/rack/handler/webrick.rb:88:in `service'
  /Users/DuskyShelf/.rvm/rubies/ruby-2.1.5/lib/ruby/2.1.0/webrick/httpserver.rb:138:in `service'
  /Users/DuskyShelf/.rvm/rubies/ruby-2.1.5/lib/ruby/2.1.0/webrick/httpserver.rb:94:in `run'
  /Users/DuskyShelf/.rvm/rubies/ruby-2.1.5/lib/ruby/2.1.0/webrick/server.rb:295:in `block in start_thread'


  Rendered /Users/DuskyShelf/.rvm/gems/ruby-2.1.5/gems/actionpack-4.2.3/lib/action_dispatch/middleware/templates/rescues/_trace.html.erb (1.3ms)
  Rendered /Users/DuskyShelf/.rvm/gems/ruby-2.1.5/gems/actionpack-4.2.3/lib/action_dispatch/middleware/templates/routes/_route.html.erb (0.9ms)
  Rendered /Users/DuskyShelf/.rvm/gems/ruby-2.1.5/gems/actionpack-4.2.3/lib/action_dispatch/middleware/templates/routes/_table.html.erb (10.2ms)
  Rendered /Users/DuskyShelf/.rvm/gems/ruby-2.1.5/gems/actionpack-4.2.3/lib/action_dispatch/middleware/templates/rescues/_request_and_response.html.erb (1.3ms)
  Rendered /Users/DuskyShelf/.rvm/gems/ruby-2.1.5/gems/actionpack-4.2.3/lib/action_dispatch/middleware/templates/rescues/routing_error.html.erb within rescues/layout (41.9ms)
  Rendered /Users/DuskyShelf/.rvm/gems/ruby-2.1.5/gems/web-console-2.2.1/lib/web_console/templates/_markup.html.erb (0.4ms)
  Rendered /Users/DuskyShelf/.rvm/gems/ruby-2.1.5/gems/web-console-2.2.1/lib/web_console/templates/_inner_console_markup.html.erb within layouts/inlined_string (0.3ms)
  Rendered /Users/DuskyShelf/.rvm/gems/ruby-2.1.5/gems/web-console-2.2.1/lib/web_console/templates/_prompt_box_markup.html.erb within layouts/inlined_string (0.4ms)
  Rendered /Users/DuskyShelf/.rvm/gems/ruby-2.1.5/gems/web-console-2.2.1/lib/web_console/templates/style.css.erb within layouts/inlined_string (0.4ms)
  Rendered /Users/DuskyShelf/.rvm/gems/ruby-2.1.5/gems/web-console-2.2.1/lib/web_console/templates/console.js.erb within layouts/javascript (20.3ms)
  Rendered /Users/DuskyShelf/.rvm/gems/ruby-2.1.5/gems/web-console-2.2.1/lib/web_console/templates/main.js.erb within layouts/javascript (0.3ms)
  Rendered /Users/DuskyShelf/.rvm/gems/ruby-2.1.5/gems/web-console-2.2.1/lib/web_console/templates/error_page.js.erb within layouts/javascript (0.4ms)
  Rendered /Users/DuskyShelf/.rvm/gems/ruby-2.1.5/gems/web-console-2.2.1/lib/web_console/templates/index.html.erb (41.6ms)


Started GET "/new" for ::1 at 2015-07-20 15:37:36 +0100

ActionController::RoutingError (No route matches [GET] "/new"):
  actionpack (4.2.3) lib/action_dispatch/middleware/debug_exceptions.rb:21:in `call'
  web-console (2.2.1) lib/web_console/middleware.rb:39:in `call'
  actionpack (4.2.3) lib/action_dispatch/middleware/show_exceptions.rb:30:in `call'
  railties (4.2.3) lib/rails/rack/logger.rb:38:in `call_app'
  railties (4.2.3) lib/rails/rack/logger.rb:20:in `block in call'
  activesupport (4.2.3) lib/active_support/tagged_logging.rb:68:in `block in tagged'
  activesupport (4.2.3) lib/active_support/tagged_logging.rb:26:in `tagged'
  activesupport (4.2.3) lib/active_support/tagged_logging.rb:68:in `tagged'
  railties (4.2.3) lib/rails/rack/logger.rb:20:in `call'
  actionpack (4.2.3) lib/action_dispatch/middleware/request_id.rb:21:in `call'
  rack (1.6.4) lib/rack/methodoverride.rb:22:in `call'
  rack (1.6.4) lib/rack/runtime.rb:18:in `call'
  activesupport (4.2.3) lib/active_support/cache/strategy/local_cache_middleware.rb:28:in `call'
  rack (1.6.4) lib/rack/lock.rb:17:in `call'
  actionpack (4.2.3) lib/action_dispatch/middleware/static.rb:116:in `call'
  rack (1.6.4) lib/rack/sendfile.rb:113:in `call'
  railties (4.2.3) lib/rails/engine.rb:518:in `call'
  railties (4.2.3) lib/rails/application.rb:165:in `call'
  rack (1.6.4) lib/rack/lock.rb:17:in `call'
  rack (1.6.4) lib/rack/content_length.rb:15:in `call'
  rack (1.6.4) lib/rack/handler/webrick.rb:88:in `service'
  /Users/DuskyShelf/.rvm/rubies/ruby-2.1.5/lib/ruby/2.1.0/webrick/httpserver.rb:138:in `service'
  /Users/DuskyShelf/.rvm/rubies/ruby-2.1.5/lib/ruby/2.1.0/webrick/httpserver.rb:94:in `run'
  /Users/DuskyShelf/.rvm/rubies/ruby-2.1.5/lib/ruby/2.1.0/webrick/server.rb:295:in `block in start_thread'


  Rendered /Users/DuskyShelf/.rvm/gems/ruby-2.1.5/gems/actionpack-4.2.3/lib/action_dispatch/middleware/templates/rescues/_trace.html.erb (1.2ms)
  Rendered /Users/DuskyShelf/.rvm/gems/ruby-2.1.5/gems/actionpack-4.2.3/lib/action_dispatch/middleware/templates/routes/_route.html.erb (1.9ms)
  Rendered /Users/DuskyShelf/.rvm/gems/ruby-2.1.5/gems/actionpack-4.2.3/lib/action_dispatch/middleware/templates/routes/_table.html.erb (1.1ms)
  Rendered /Users/DuskyShelf/.rvm/gems/ruby-2.1.5/gems/actionpack-4.2.3/lib/action_dispatch/middleware/templates/rescues/_request_and_response.html.erb (1.2ms)
  Rendered /Users/DuskyShelf/.rvm/gems/ruby-2.1.5/gems/actionpack-4.2.3/lib/action_dispatch/middleware/templates/rescues/routing_error.html.erb within rescues/layout (22.2ms)
  Rendered /Users/DuskyShelf/.rvm/gems/ruby-2.1.5/gems/web-console-2.2.1/lib/web_console/templates/_markup.html.erb (0.5ms)
  Rendered /Users/DuskyShelf/.rvm/gems/ruby-2.1.5/gems/web-console-2.2.1/lib/web_console/templates/_inner_console_markup.html.erb within layouts/inlined_string (0.3ms)
  Rendered /Users/DuskyShelf/.rvm/gems/ruby-2.1.5/gems/web-console-2.2.1/lib/web_console/templates/_prompt_box_markup.html.erb within layouts/inlined_string (0.3ms)
  Rendered /Users/DuskyShelf/.rvm/gems/ruby-2.1.5/gems/web-console-2.2.1/lib/web_console/templates/style.css.erb within layouts/inlined_string (0.4ms)
  Rendered /Users/DuskyShelf/.rvm/gems/ruby-2.1.5/gems/web-console-2.2.1/lib/web_console/templates/console.js.erb within layouts/javascript (15.0ms)
  Rendered /Users/DuskyShelf/.rvm/gems/ruby-2.1.5/gems/web-console-2.2.1/lib/web_console/templates/main.js.erb within layouts/javascript (0.2ms)
  Rendered /Users/DuskyShelf/.rvm/gems/ruby-2.1.5/gems/web-console-2.2.1/lib/web_console/templates/error_page.js.erb within layouts/javascript (0.4ms)
  Rendered /Users/DuskyShelf/.rvm/gems/ruby-2.1.5/gems/web-console-2.2.1/lib/web_console/templates/index.html.erb (32.5ms)


Started GET "/restaurants/" for ::1 at 2015-07-20 15:37:52 +0100
  [1m[36mActiveRecord::SchemaMigration Load (0.4ms)[0m  [1mSELECT "schema_migrations".* FROM "schema_migrations"[0m
Processing by RestaurantsController#index as HTML
  [1m[35m (0.4ms)[0m  SELECT COUNT(*) FROM "restaurants"
  Rendered restaurants/index.html.erb within layouts/application (4.7ms)
Completed 200 OK in 241ms (Views: 227.1ms | ActiveRecord: 1.2ms)


Started GET "/assets/restaurants.self-e3b0c44298fc1c149afbf4c8996fb92427ae41e4649b934ca495991b7852b855.css?body=1" for ::1 at 2015-07-20 15:37:53 +0100


Started GET "/assets/application.self-e80e8f2318043e8af94dddc2adad5a4f09739a8ebb323b3ab31cd71d45fd9113.css?body=1" for ::1 at 2015-07-20 15:37:53 +0100


Started GET "/assets/jquery.self-d03a5518f45df77341bdbe6201ba3bfa547ebba8ed64f0ea56bfa5f96ea7c074.js?body=1" for ::1 at 2015-07-20 15:37:53 +0100


Started GET "/assets/restaurants.self-877aef30ae1b040ab8a3aba4e3e309a11d7f2612f44dde450b5c157aa5f95c05.js?body=1" for ::1 at 2015-07-20 15:37:53 +0100


Started GET "/assets/turbolinks.self-c37727e9bd6b2735da5c311aa83fead54ed0be6cc8bd9a65309e9c5abe2cbfff.js?body=1" for ::1 at 2015-07-20 15:37:53 +0100


Started GET "/assets/jquery_ujs.self-ca5248a2fad13d6bd58ea121318d642f195f0b2dd818b30615f785ff365e8d1f.js?body=1" for ::1 at 2015-07-20 15:37:53 +0100


Started GET "/assets/application.self-3b8dabdc891efe46b9a144b400ad69e37d7e5876bdc39dee783419a69d7ca819.js?body=1" for ::1 at 2015-07-20 15:37:53 +0100


Started GET "/restaurants/restaurants/new" for ::1 at 2015-07-20 15:37:54 +0100

ActionController::RoutingError (No route matches [GET] "/restaurants/restaurants/new"):
  actionpack (4.2.3) lib/action_dispatch/middleware/debug_exceptions.rb:21:in `call'
  web-console (2.2.1) lib/web_console/middleware.rb:39:in `call'
  actionpack (4.2.3) lib/action_dispatch/middleware/show_exceptions.rb:30:in `call'
  railties (4.2.3) lib/rails/rack/logger.rb:38:in `call_app'
  railties (4.2.3) lib/rails/rack/logger.rb:20:in `block in call'
  activesupport (4.2.3) lib/active_support/tagged_logging.rb:68:in `block in tagged'
  activesupport (4.2.3) lib/active_support/tagged_logging.rb:26:in `tagged'
  activesupport (4.2.3) lib/active_support/tagged_logging.rb:68:in `tagged'
  railties (4.2.3) lib/rails/rack/logger.rb:20:in `call'
  actionpack (4.2.3) lib/action_dispatch/middleware/request_id.rb:21:in `call'
  rack (1.6.4) lib/rack/methodoverride.rb:22:in `call'
  rack (1.6.4) lib/rack/runtime.rb:18:in `call'
  activesupport (4.2.3) lib/active_support/cache/strategy/local_cache_middleware.rb:28:in `call'
  rack (1.6.4) lib/rack/lock.rb:17:in `call'
  actionpack (4.2.3) lib/action_dispatch/middleware/static.rb:116:in `call'
  rack (1.6.4) lib/rack/sendfile.rb:113:in `call'
  railties (4.2.3) lib/rails/engine.rb:518:in `call'
  railties (4.2.3) lib/rails/application.rb:165:in `call'
  rack (1.6.4) lib/rack/lock.rb:17:in `call'
  rack (1.6.4) lib/rack/content_length.rb:15:in `call'
  rack (1.6.4) lib/rack/handler/webrick.rb:88:in `service'
  /Users/DuskyShelf/.rvm/rubies/ruby-2.1.5/lib/ruby/2.1.0/webrick/httpserver.rb:138:in `service'
  /Users/DuskyShelf/.rvm/rubies/ruby-2.1.5/lib/ruby/2.1.0/webrick/httpserver.rb:94:in `run'
  /Users/DuskyShelf/.rvm/rubies/ruby-2.1.5/lib/ruby/2.1.0/webrick/server.rb:295:in `block in start_thread'


  Rendered /Users/DuskyShelf/.rvm/gems/ruby-2.1.5/gems/actionpack-4.2.3/lib/action_dispatch/middleware/templates/rescues/_trace.html.erb (1.2ms)
  Rendered /Users/DuskyShelf/.rvm/gems/ruby-2.1.5/gems/actionpack-4.2.3/lib/action_dispatch/middleware/templates/routes/_route.html.erb (1.2ms)
  Rendered /Users/DuskyShelf/.rvm/gems/ruby-2.1.5/gems/actionpack-4.2.3/lib/action_dispatch/middleware/templates/routes/_table.html.erb (10.7ms)
  Rendered /Users/DuskyShelf/.rvm/gems/ruby-2.1.5/gems/actionpack-4.2.3/lib/action_dispatch/middleware/templates/rescues/_request_and_response.html.erb (2.2ms)
  Rendered /Users/DuskyShelf/.rvm/gems/ruby-2.1.5/gems/actionpack-4.2.3/lib/action_dispatch/middleware/templates/rescues/routing_error.html.erb within rescues/layout (45.2ms)
  Rendered /Users/DuskyShelf/.rvm/gems/ruby-2.1.5/gems/web-console-2.2.1/lib/web_console/templates/_markup.html.erb (0.6ms)
  Rendered /Users/DuskyShelf/.rvm/gems/ruby-2.1.5/gems/web-console-2.2.1/lib/web_console/templates/_inner_console_markup.html.erb within layouts/inlined_string (0.4ms)
  Rendered /Users/DuskyShelf/.rvm/gems/ruby-2.1.5/gems/web-console-2.2.1/lib/web_console/templates/_prompt_box_markup.html.erb within layouts/inlined_string (0.5ms)
  Rendered /Users/DuskyShelf/.rvm/gems/ruby-2.1.5/gems/web-console-2.2.1/lib/web_console/templates/style.css.erb within layouts/inlined_string (0.6ms)
  Rendered /Users/DuskyShelf/.rvm/gems/ruby-2.1.5/gems/web-console-2.2.1/lib/web_console/templates/console.js.erb within layouts/javascript (23.3ms)
  Rendered /Users/DuskyShelf/.rvm/gems/ruby-2.1.5/gems/web-console-2.2.1/lib/web_console/templates/main.js.erb within layouts/javascript (0.5ms)
  Rendered /Users/DuskyShelf/.rvm/gems/ruby-2.1.5/gems/web-console-2.2.1/lib/web_console/templates/error_page.js.erb within layouts/javascript (0.5ms)
  Rendered /Users/DuskyShelf/.rvm/gems/ruby-2.1.5/gems/web-console-2.2.1/lib/web_console/templates/index.html.erb (52.4ms)


Started GET "/restaurants/restaurants/new" for ::1 at 2015-07-20 15:37:54 +0100

ActionController::RoutingError (No route matches [GET] "/restaurants/restaurants/new"):
  actionpack (4.2.3) lib/action_dispatch/middleware/debug_exceptions.rb:21:in `call'
  web-console (2.2.1) lib/web_console/middleware.rb:39:in `call'
  actionpack (4.2.3) lib/action_dispatch/middleware/show_exceptions.rb:30:in `call'
  railties (4.2.3) lib/rails/rack/logger.rb:38:in `call_app'
  railties (4.2.3) lib/rails/rack/logger.rb:20:in `block in call'
  activesupport (4.2.3) lib/active_support/tagged_logging.rb:68:in `block in tagged'
  activesupport (4.2.3) lib/active_support/tagged_logging.rb:26:in `tagged'
  activesupport (4.2.3) lib/active_support/tagged_logging.rb:68:in `tagged'
  railties (4.2.3) lib/rails/rack/logger.rb:20:in `call'
  actionpack (4.2.3) lib/action_dispatch/middleware/request_id.rb:21:in `call'
  rack (1.6.4) lib/rack/methodoverride.rb:22:in `call'
  rack (1.6.4) lib/rack/runtime.rb:18:in `call'
  activesupport (4.2.3) lib/active_support/cache/strategy/local_cache_middleware.rb:28:in `call'
  rack (1.6.4) lib/rack/lock.rb:17:in `call'
  actionpack (4.2.3) lib/action_dispatch/middleware/static.rb:116:in `call'
  rack (1.6.4) lib/rack/sendfile.rb:113:in `call'
  railties (4.2.3) lib/rails/engine.rb:518:in `call'
  railties (4.2.3) lib/rails/application.rb:165:in `call'
  rack (1.6.4) lib/rack/lock.rb:17:in `call'
  rack (1.6.4) lib/rack/content_length.rb:15:in `call'
  rack (1.6.4) lib/rack/handler/webrick.rb:88:in `service'
  /Users/DuskyShelf/.rvm/rubies/ruby-2.1.5/lib/ruby/2.1.0/webrick/httpserver.rb:138:in `service'
  /Users/DuskyShelf/.rvm/rubies/ruby-2.1.5/lib/ruby/2.1.0/webrick/httpserver.rb:94:in `run'
  /Users/DuskyShelf/.rvm/rubies/ruby-2.1.5/lib/ruby/2.1.0/webrick/server.rb:295:in `block in start_thread'


  Rendered /Users/DuskyShelf/.rvm/gems/ruby-2.1.5/gems/actionpack-4.2.3/lib/action_dispatch/middleware/templates/rescues/_trace.html.erb (1.9ms)
  Rendered /Users/DuskyShelf/.rvm/gems/ruby-2.1.5/gems/actionpack-4.2.3/lib/action_dispatch/middleware/templates/routes/_route.html.erb (1.1ms)
  Rendered /Users/DuskyShelf/.rvm/gems/ruby-2.1.5/gems/actionpack-4.2.3/lib/action_dispatch/middleware/templates/routes/_table.html.erb (1.4ms)
  Rendered /Users/DuskyShelf/.rvm/gems/ruby-2.1.5/gems/actionpack-4.2.3/lib/action_dispatch/middleware/templates/rescues/_request_and_response.html.erb (1.1ms)
  Rendered /Users/DuskyShelf/.rvm/gems/ruby-2.1.5/gems/actionpack-4.2.3/lib/action_dispatch/middleware/templates/rescues/routing_error.html.erb within rescues/layout (25.0ms)
  Rendered /Users/DuskyShelf/.rvm/gems/ruby-2.1.5/gems/web-console-2.2.1/lib/web_console/templates/_markup.html.erb (0.5ms)
  Rendered /Users/DuskyShelf/.rvm/gems/ruby-2.1.5/gems/web-console-2.2.1/lib/web_console/templates/_inner_console_markup.html.erb within layouts/inlined_string (0.5ms)
  Rendered /Users/DuskyShelf/.rvm/gems/ruby-2.1.5/gems/web-console-2.2.1/lib/web_console/templates/_prompt_box_markup.html.erb within layouts/inlined_string (0.3ms)
  Rendered /Users/DuskyShelf/.rvm/gems/ruby-2.1.5/gems/web-console-2.2.1/lib/web_console/templates/style.css.erb within layouts/inlined_string (0.3ms)
  Rendered /Users/DuskyShelf/.rvm/gems/ruby-2.1.5/gems/web-console-2.2.1/lib/web_console/templates/console.js.erb within layouts/javascript (17.6ms)
  Rendered /Users/DuskyShelf/.rvm/gems/ruby-2.1.5/gems/web-console-2.2.1/lib/web_console/templates/main.js.erb within layouts/javascript (0.3ms)
  Rendered /Users/DuskyShelf/.rvm/gems/ruby-2.1.5/gems/web-console-2.2.1/lib/web_console/templates/error_page.js.erb within layouts/javascript (0.4ms)
  Rendered /Users/DuskyShelf/.rvm/gems/ruby-2.1.5/gems/web-console-2.2.1/lib/web_console/templates/index.html.erb (37.4ms)


Started GET "/restaurants" for ::1 at 2015-07-20 15:38:09 +0100
  [1m[36mActiveRecord::SchemaMigration Load (0.4ms)[0m  [1mSELECT "schema_migrations".* FROM "schema_migrations"[0m
Processing by RestaurantsController#index as HTML
  [1m[35m (0.4ms)[0m  SELECT COUNT(*) FROM "restaurants"
  Rendered restaurants/index.html.erb within layouts/application (4.9ms)
Completed 200 OK in 229ms (Views: 215.7ms | ActiveRecord: 1.3ms)


Started GET "/restaurants/new" for ::1 at 2015-07-20 15:38:10 +0100
Processing by RestaurantsController#new as HTML
  Rendered restaurants/new.html.erb within layouts/application (26.4ms)
Completed 200 OK in 58ms (Views: 55.4ms | ActiveRecord: 2.2ms)


Started POST "/restaurants" for ::1 at 2015-07-20 15:38:20 +0100
Processing by RestaurantsController#create as HTML
  Parameters: {"utf8"=>"✓", "authenticity_token"=>"rszQk5scNlzy2Wx6LmjAtpacRU0acCqbqXWljBlHdXVoNzzQ2MLC6zVg1T5TsDukFaAj1y742XwrDEkxhOY2Vw==", "restaurant"=>{"name"=>"KGV"}, "commit"=>"Create Restaurant"}
Completed 500 Internal Server Error in 1ms (ActiveRecord: 0.0ms)

TypeError (exception class/object expected):
  app/controllers/restaurants_controller.rb:10:in `raise'
  app/controllers/restaurants_controller.rb:10:in `create'


  Rendered /Users/DuskyShelf/.rvm/gems/ruby-2.1.5/gems/actionpack-4.2.3/lib/action_dispatch/middleware/templates/rescues/_source.erb (4.6ms)
  Rendered /Users/DuskyShelf/.rvm/gems/ruby-2.1.5/gems/actionpack-4.2.3/lib/action_dispatch/middleware/templates/rescues/_trace.html.erb (2.1ms)
  Rendered /Users/DuskyShelf/.rvm/gems/ruby-2.1.5/gems/actionpack-4.2.3/lib/action_dispatch/middleware/templates/rescues/_request_and_response.html.erb (1.5ms)
  Rendered /Users/DuskyShelf/.rvm/gems/ruby-2.1.5/gems/actionpack-4.2.3/lib/action_dispatch/middleware/templates/rescues/diagnostics.html.erb within rescues/layout (25.1ms)
  Rendered /Users/DuskyShelf/.rvm/gems/ruby-2.1.5/gems/web-console-2.2.1/lib/web_console/templates/_markup.html.erb (0.4ms)
  Rendered /Users/DuskyShelf/.rvm/gems/ruby-2.1.5/gems/web-console-2.2.1/lib/web_console/templates/_inner_console_markup.html.erb within layouts/inlined_string (0.2ms)
  Rendered /Users/DuskyShelf/.rvm/gems/ruby-2.1.5/gems/web-console-2.2.1/lib/web_console/templates/_prompt_box_markup.html.erb within layouts/inlined_string (0.3ms)
  Rendered /Users/DuskyShelf/.rvm/gems/ruby-2.1.5/gems/web-console-2.2.1/lib/web_console/templates/style.css.erb within layouts/inlined_string (0.3ms)
  Rendered /Users/DuskyShelf/.rvm/gems/ruby-2.1.5/gems/web-console-2.2.1/lib/web_console/templates/console.js.erb within layouts/javascript (16.0ms)
  Rendered /Users/DuskyShelf/.rvm/gems/ruby-2.1.5/gems/web-console-2.2.1/lib/web_console/templates/main.js.erb within layouts/javascript (0.3ms)
  Rendered /Users/DuskyShelf/.rvm/gems/ruby-2.1.5/gems/web-console-2.2.1/lib/web_console/templates/error_page.js.erb within layouts/javascript (0.4ms)
  Rendered /Users/DuskyShelf/.rvm/gems/ruby-2.1.5/gems/web-console-2.2.1/lib/web_console/templates/index.html.erb (40.3ms)


Started GET "/restaurants" for ::1 at 2015-07-20 15:38:49 +0100
  [1m[36mActiveRecord::SchemaMigration Load (0.4ms)[0m  [1mSELECT "schema_migrations".* FROM "schema_migrations"[0m
Processing by RestaurantsController#index as HTML
  [1m[35m (0.4ms)[0m  SELECT COUNT(*) FROM "restaurants"
  Rendered restaurants/index.html.erb within layouts/application (5.4ms)
Completed 200 OK in 259ms (Views: 243.7ms | ActiveRecord: 1.3ms)


Started GET "/restaurants" for ::1 at 2015-07-20 15:38:59 +0100
  [1m[36mActiveRecord::SchemaMigration Load (0.5ms)[0m  [1mSELECT "schema_migrations".* FROM "schema_migrations"[0m
Processing by RestaurantsController#index as HTML
  [1m[35m (0.7ms)[0m  SELECT COUNT(*) FROM "restaurants"
  Rendered restaurants/index.html.erb within layouts/application (5.8ms)
Completed 200 OK in 223ms (Views: 209.6ms | ActiveRecord: 2.4ms)


Started GET "/assets/application.self-e80e8f2318043e8af94dddc2adad5a4f09739a8ebb323b3ab31cd71d45fd9113.css?body=1" for ::1 at 2015-07-20 15:39:00 +0100


Started GET "/assets/restaurants.self-e3b0c44298fc1c149afbf4c8996fb92427ae41e4649b934ca495991b7852b855.css?body=1" for ::1 at 2015-07-20 15:39:00 +0100


Started GET "/assets/jquery.self-d03a5518f45df77341bdbe6201ba3bfa547ebba8ed64f0ea56bfa5f96ea7c074.js?body=1" for ::1 at 2015-07-20 15:39:00 +0100


Started GET "/assets/restaurants.self-877aef30ae1b040ab8a3aba4e3e309a11d7f2612f44dde450b5c157aa5f95c05.js?body=1" for ::1 at 2015-07-20 15:39:00 +0100


Started GET "/assets/jquery_ujs.self-ca5248a2fad13d6bd58ea121318d642f195f0b2dd818b30615f785ff365e8d1f.js?body=1" for ::1 at 2015-07-20 15:39:00 +0100


Started GET "/assets/turbolinks.self-c37727e9bd6b2735da5c311aa83fead54ed0be6cc8bd9a65309e9c5abe2cbfff.js?body=1" for ::1 at 2015-07-20 15:39:00 +0100


Started GET "/assets/application.self-3b8dabdc891efe46b9a144b400ad69e37d7e5876bdc39dee783419a69d7ca819.js?body=1" for ::1 at 2015-07-20 15:39:00 +0100


Started GET "/restaurants/new" for ::1 at 2015-07-20 15:39:01 +0100
Processing by RestaurantsController#new as HTML
  Rendered restaurants/new.html.erb within layouts/application (25.8ms)
Completed 200 OK in 59ms (Views: 55.8ms | ActiveRecord: 2.0ms)


Started POST "/restaurants" for ::1 at 2015-07-20 15:39:05 +0100
Processing by RestaurantsController#create as HTML
  Parameters: {"utf8"=>"✓", "authenticity_token"=>"gbvlCRLrwBEJlreWvXmUnSavhIeOfWSn1eR1AIeQSLlHQAlKUTU0ps4vDtLAoW+PpZPiHbr1l0BXnZm9GjELmw==", "restaurant"=>{"name"=>"PLLL"}, "commit"=>"Create Restaurant"}
Completed 500 Internal Server Error in 1ms (ActiveRecord: 0.0ms)

TypeError (exception object expected):
  app/controllers/restaurants_controller.rb:10:in `raise'
  app/controllers/restaurants_controller.rb:10:in `create'


  Rendered /Users/DuskyShelf/.rvm/gems/ruby-2.1.5/gems/actionpack-4.2.3/lib/action_dispatch/middleware/templates/rescues/_source.erb (3.6ms)
  Rendered /Users/DuskyShelf/.rvm/gems/ruby-2.1.5/gems/actionpack-4.2.3/lib/action_dispatch/middleware/templates/rescues/_trace.html.erb (1.7ms)
  Rendered /Users/DuskyShelf/.rvm/gems/ruby-2.1.5/gems/actionpack-4.2.3/lib/action_dispatch/middleware/templates/rescues/_request_and_response.html.erb (1.4ms)
  Rendered /Users/DuskyShelf/.rvm/gems/ruby-2.1.5/gems/actionpack-4.2.3/lib/action_dispatch/middleware/templates/rescues/diagnostics.html.erb within rescues/layout (21.9ms)
  Rendered /Users/DuskyShelf/.rvm/gems/ruby-2.1.5/gems/web-console-2.2.1/lib/web_console/templates/_markup.html.erb (0.4ms)
  Rendered /Users/DuskyShelf/.rvm/gems/ruby-2.1.5/gems/web-console-2.2.1/lib/web_console/templates/_inner_console_markup.html.erb within layouts/inlined_string (0.3ms)
  Rendered /Users/DuskyShelf/.rvm/gems/ruby-2.1.5/gems/web-console-2.2.1/lib/web_console/templates/_prompt_box_markup.html.erb within layouts/inlined_string (0.6ms)
  Rendered /Users/DuskyShelf/.rvm/gems/ruby-2.1.5/gems/web-console-2.2.1/lib/web_console/templates/style.css.erb within layouts/inlined_string (0.4ms)
  Rendered /Users/DuskyShelf/.rvm/gems/ruby-2.1.5/gems/web-console-2.2.1/lib/web_console/templates/console.js.erb within layouts/javascript (25.5ms)
  Rendered /Users/DuskyShelf/.rvm/gems/ruby-2.1.5/gems/web-console-2.2.1/lib/web_console/templates/main.js.erb within layouts/javascript (0.4ms)
  Rendered /Users/DuskyShelf/.rvm/gems/ruby-2.1.5/gems/web-console-2.2.1/lib/web_console/templates/error_page.js.erb within layouts/javascript (0.4ms)
  Rendered /Users/DuskyShelf/.rvm/gems/ruby-2.1.5/gems/web-console-2.2.1/lib/web_console/templates/index.html.erb (49.6ms)


Started GET "/restaurants" for ::1 at 2015-07-20 15:39:35 +0100
Processing by RestaurantsController#index as HTML
  [1m[36m (0.3ms)[0m  [1mSELECT COUNT(*) FROM "restaurants"[0m
  Rendered restaurants/index.html.erb within layouts/application (2.9ms)
Completed 200 OK in 39ms (Views: 35.5ms | ActiveRecord: 1.0ms)


Started GET "/restaurants/new" for ::1 at 2015-07-20 15:39:42 +0100
  [1m[36mActiveRecord::SchemaMigration Load (0.7ms)[0m  [1mSELECT "schema_migrations".* FROM "schema_migrations"[0m
Processing by RestaurantsController#new as HTML
  Rendered restaurants/new.html.erb within layouts/application (30.3ms)
Completed 200 OK in 345ms (Views: 327.0ms | ActiveRecord: 2.4ms)


Started POST "/restaurants" for ::1 at 2015-07-20 15:39:48 +0100
Processing by RestaurantsController#create as HTML
  Parameters: {"utf8"=>"✓", "authenticity_token"=>"c0HdjUyGGJjTF0N5adDwh+wg+a4HM+1RmrlN6oAzSte1ujHOD1jsLxSu+j0UCAuVbxyfNDO7HrYYwKFXHZIJ9Q==", "restaurant"=>{"name"=>"cheeots"}, "commit"=>"Create Restaurant"}
Completed 500 Internal Server Error in 1ms (ActiveRecord: 0.0ms)

TypeError (exception class/object expected):
  app/controllers/restaurants_controller.rb:10:in `raise'
  app/controllers/restaurants_controller.rb:10:in `create'


  Rendered /Users/DuskyShelf/.rvm/gems/ruby-2.1.5/gems/actionpack-4.2.3/lib/action_dispatch/middleware/templates/rescues/_source.erb (4.0ms)
  Rendered /Users/DuskyShelf/.rvm/gems/ruby-2.1.5/gems/actionpack-4.2.3/lib/action_dispatch/middleware/templates/rescues/_trace.html.erb (1.9ms)
  Rendered /Users/DuskyShelf/.rvm/gems/ruby-2.1.5/gems/actionpack-4.2.3/lib/action_dispatch/middleware/templates/rescues/_request_and_response.html.erb (1.9ms)
  Rendered /Users/DuskyShelf/.rvm/gems/ruby-2.1.5/gems/actionpack-4.2.3/lib/action_dispatch/middleware/templates/rescues/diagnostics.html.erb within rescues/layout (26.8ms)
  Rendered /Users/DuskyShelf/.rvm/gems/ruby-2.1.5/gems/web-console-2.2.1/lib/web_console/templates/_markup.html.erb (0.5ms)
  Rendered /Users/DuskyShelf/.rvm/gems/ruby-2.1.5/gems/web-console-2.2.1/lib/web_console/templates/_inner_console_markup.html.erb within layouts/inlined_string (0.5ms)
  Rendered /Users/DuskyShelf/.rvm/gems/ruby-2.1.5/gems/web-console-2.2.1/lib/web_console/templates/_prompt_box_markup.html.erb within layouts/inlined_string (0.3ms)
  Rendered /Users/DuskyShelf/.rvm/gems/ruby-2.1.5/gems/web-console-2.2.1/lib/web_console/templates/style.css.erb within layouts/inlined_string (0.5ms)
  Rendered /Users/DuskyShelf/.rvm/gems/ruby-2.1.5/gems/web-console-2.2.1/lib/web_console/templates/console.js.erb within layouts/javascript (23.3ms)
  Rendered /Users/DuskyShelf/.rvm/gems/ruby-2.1.5/gems/web-console-2.2.1/lib/web_console/templates/main.js.erb within layouts/javascript (0.3ms)
  Rendered /Users/DuskyShelf/.rvm/gems/ruby-2.1.5/gems/web-console-2.2.1/lib/web_console/templates/error_page.js.erb within layouts/javascript (0.4ms)
  Rendered /Users/DuskyShelf/.rvm/gems/ruby-2.1.5/gems/web-console-2.2.1/lib/web_console/templates/index.html.erb (49.9ms)


Started GET "/restaurants" for ::1 at 2015-07-20 15:44:38 +0100
  [1m[36mActiveRecord::SchemaMigration Load (0.4ms)[0m  [1mSELECT "schema_migrations".* FROM "schema_migrations"[0m
Processing by RestaurantsController#index as HTML
  [1m[35m (1.1ms)[0m  SELECT COUNT(*) FROM "restaurants"
  Rendered restaurants/index.html.erb within layouts/application (6.3ms)
Completed 200 OK in 331ms (Views: 319.0ms | ActiveRecord: 2.2ms)


Started GET "/restaurants/new" for ::1 at 2015-07-20 15:44:40 +0100
Processing by RestaurantsController#new as HTML
  Rendered restaurants/new.html.erb within layouts/application (62.9ms)
Completed 200 OK in 94ms (Views: 88.7ms | ActiveRecord: 5.0ms)


Started POST "/restaurants" for ::1 at 2015-07-20 15:44:44 +0100
Processing by RestaurantsController#create as HTML
  Parameters: {"utf8"=>"✓", "authenticity_token"=>"F5FdosqYWsx9E9oQhTjxmAjaZ3aAe5ajTXt/H5AprZvRarHhiUaue7qqY1T44AqKi+YB7LTzZUTPApOiDYjuuQ==", "restaurant"=>{"name"=>"PFC"}, "commit"=>"Create Restaurant"}
  [1m[36m (0.2ms)[0m  [1mBEGIN[0m
  [1m[35mSQL (3.4ms)[0m  INSERT INTO "restaurants" ("name", "created_at", "updated_at") VALUES ($1, $2, $3) RETURNING "id"  [["name", "PFC"], ["created_at", "2015-07-20 14:44:44.607604"], ["updated_at", "2015-07-20 14:44:44.607604"]]
  [1m[36m (1.0ms)[0m  [1mCOMMIT[0m
Redirected to http://localhost:3000/restaurants
Completed 302 Found in 11ms (ActiveRecord: 4.6ms)


Started GET "/restaurants" for ::1 at 2015-07-20 15:44:44 +0100
Processing by RestaurantsController#index as HTML
  [1m[35m (0.3ms)[0m  SELECT COUNT(*) FROM "restaurants"
  [1m[36mRestaurant Load (0.3ms)[0m  [1mSELECT "restaurants".* FROM "restaurants"[0m
  Rendered restaurants/index.html.erb within layouts/application (1.8ms)
Completed 200 OK in 32ms (Views: 31.0ms | ActiveRecord: 0.5ms)


Started GET "/restaurants/new" for ::1 at 2015-07-20 15:44:46 +0100
Processing by RestaurantsController#new as HTML
  Rendered restaurants/new.html.erb within layouts/application (1.5ms)
Completed 200 OK in 25ms (Views: 23.8ms | ActiveRecord: 0.0ms)


Started POST "/restaurants" for ::1 at 2015-07-20 15:44:52 +0100
Processing by RestaurantsController#create as HTML
  Parameters: {"utf8"=>"✓", "authenticity_token"=>"Bo4f4DC3dVebMKIr2/eXE/hpOEihQ8WRZvU7R8Lv8yjAdfOjc2mB4FyJG2+mL2wBe1Ve0pXLNnbkjNf6X06wCg==", "restaurant"=>{"name"=>"SFC"}, "commit"=>"Create Restaurant"}
  [1m[35m (0.2ms)[0m  BEGIN
  [1m[36mSQL (0.3ms)[0m  [1mINSERT INTO "restaurants" ("name", "created_at", "updated_at") VALUES ($1, $2, $3) RETURNING "id"[0m  [["name", "SFC"], ["created_at", "2015-07-20 14:44:52.212722"], ["updated_at", "2015-07-20 14:44:52.212722"]]
  [1m[35m (0.4ms)[0m  COMMIT
Redirected to http://localhost:3000/restaurants
Completed 302 Found in 5ms (ActiveRecord: 0.9ms)


Started GET "/restaurants" for ::1 at 2015-07-20 15:44:52 +0100
Processing by RestaurantsController#index as HTML
  [1m[36m (0.3ms)[0m  [1mSELECT COUNT(*) FROM "restaurants"[0m
  [1m[35mRestaurant Load (0.3ms)[0m  SELECT "restaurants".* FROM "restaurants"
  Rendered restaurants/index.html.erb within layouts/application (1.5ms)
Completed 200 OK in 25ms (Views: 24.4ms | ActiveRecord: 0.5ms)


Started GET "/restaurants/new" for ::1 at 2015-07-20 15:44:53 +0100
Processing by RestaurantsController#new as HTML
  Rendered restaurants/new.html.erb within layouts/application (2.0ms)
Completed 200 OK in 36ms (Views: 34.7ms | ActiveRecord: 0.0ms)


Started POST "/restaurants" for ::1 at 2015-07-20 15:44:59 +0100
Processing by RestaurantsController#create as HTML
  Parameters: {"utf8"=>"✓", "authenticity_token"=>"/QV3lq4p3iW7desOa+gVbVsxQUIknOEw6JtqeIbGY6w7/pvV7fcqknzMUkoWMO5/2A0n2BAUEtdq4obFG2cgjg==", "restaurant"=>{"name"=>"AFC"}, "commit"=>"Create Restaurant"}
  [1m[36m (0.1ms)[0m  [1mBEGIN[0m
  [1m[35mSQL (0.2ms)[0m  INSERT INTO "restaurants" ("name", "created_at", "updated_at") VALUES ($1, $2, $3) RETURNING "id"  [["name", "AFC"], ["created_at", "2015-07-20 14:44:59.313196"], ["updated_at", "2015-07-20 14:44:59.313196"]]
  [1m[36m (0.4ms)[0m  [1mCOMMIT[0m
Redirected to http://localhost:3000/restaurants
Completed 302 Found in 3ms (ActiveRecord: 0.8ms)


Started GET "/restaurants" for ::1 at 2015-07-20 15:44:59 +0100
Processing by RestaurantsController#index as HTML
  [1m[35m (0.3ms)[0m  SELECT COUNT(*) FROM "restaurants"
  [1m[36mRestaurant Load (0.2ms)[0m  [1mSELECT "restaurants".* FROM "restaurants"[0m
  Rendered restaurants/index.html.erb within layouts/application (1.6ms)
Completed 200 OK in 26ms (Views: 24.4ms | ActiveRecord: 0.5ms)


Started GET "/restaurants/new" for ::1 at 2015-07-20 15:45:00 +0100
Processing by RestaurantsController#new as HTML
  Rendered restaurants/new.html.erb within layouts/application (1.0ms)
Completed 200 OK in 27ms (Views: 26.4ms | ActiveRecord: 0.0ms)


Started POST "/restaurants" for ::1 at 2015-07-20 15:45:07 +0100
Processing by RestaurantsController#create as HTML
  Parameters: {"utf8"=>"✓", "authenticity_token"=>"bY8PHgMc5/D4ggnRfmXTiNzRre2VnEfBymmMKXGkIemrdONdQMITRz87sJUDvSiaX+3Ld6EUtCZIEGCU7AViyw==", "restaurant"=>{"name"=>"MUFC"}, "commit"=>"Create Restaurant"}
  [1m[35m (0.1ms)[0m  BEGIN
  [1m[36mSQL (0.2ms)[0m  [1mINSERT INTO "restaurants" ("name", "created_at", "updated_at") VALUES ($1, $2, $3) RETURNING "id"[0m  [["name", "MUFC"], ["created_at", "2015-07-20 14:45:07.127449"], ["updated_at", "2015-07-20 14:45:07.127449"]]
  [1m[35m (0.5ms)[0m  COMMIT
Redirected to http://localhost:3000/restaurants
Completed 302 Found in 3ms (ActiveRecord: 0.8ms)


Started GET "/restaurants" for ::1 at 2015-07-20 15:45:07 +0100
Processing by RestaurantsController#index as HTML
  [1m[36m (0.3ms)[0m  [1mSELECT COUNT(*) FROM "restaurants"[0m
  [1m[35mRestaurant Load (0.2ms)[0m  SELECT "restaurants".* FROM "restaurants"
  Rendered restaurants/index.html.erb within layouts/application (1.8ms)
Completed 200 OK in 51ms (Views: 49.8ms | ActiveRecord: 0.5ms)


Started GET "/restaurants" for ::1 at 2015-07-20 16:22:17 +0100
  [1m[36mActiveRecord::SchemaMigration Load (0.4ms)[0m  [1mSELECT "schema_migrations".* FROM "schema_migrations"[0m
Processing by RestaurantsController#index as HTML
  [1m[35m (1.8ms)[0m  SELECT COUNT(*) FROM "restaurants"
  Rendered restaurants/index.html.erb within layouts/application (5.2ms)
Completed 200 OK in 198ms (Views: 186.2ms | ActiveRecord: 2.7ms)


Started GET "/restaurants/new" for ::1 at 2015-07-20 16:22:19 +0100
Processing by RestaurantsController#new as HTML
  Rendered restaurants/new.html.erb within layouts/application (10.9ms)
Completed 200 OK in 41ms (Views: 34.9ms | ActiveRecord: 2.6ms)


Started POST "/restaurants" for ::1 at 2015-07-20 16:22:21 +0100
Processing by RestaurantsController#create as HTML
  Parameters: {"utf8"=>"✓", "authenticity_token"=>"trMX5EW2o4O2V+IiHzRqcmYn5poBYiNutbSOSLqHFRktZw6cBQWe2s7wmto82LR9UkCY38tKggc+qhYtfSDMRw==", "restaurant"=>{"name"=>"f"}, "commit"=>"Create Restaurant"}
  [1m[36m (0.2ms)[0m  [1mBEGIN[0m
  [1m[35mSQL (0.5ms)[0m  INSERT INTO "restaurants" ("name", "created_at", "updated_at") VALUES ($1, $2, $3) RETURNING "id"  [["name", "f"], ["created_at", "2015-07-20 15:22:21.621188"], ["updated_at", "2015-07-20 15:22:21.621188"]]
  [1m[36m (15.4ms)[0m  [1mCOMMIT[0m
Redirected to http://localhost:3000/restaurants
Completed 302 Found in 22ms (ActiveRecord: 16.2ms)


Started GET "/restaurants" for ::1 at 2015-07-20 16:22:21 +0100
Processing by RestaurantsController#index as HTML
  [1m[35m (0.3ms)[0m  SELECT COUNT(*) FROM "restaurants"
  [1m[36mRestaurant Load (0.2ms)[0m  [1mSELECT "restaurants".* FROM "restaurants"[0m
  Rendered restaurants/index.html.erb within layouts/application (1.4ms)
Completed 200 OK in 26ms (Views: 24.5ms | ActiveRecord: 0.5ms)


Started GET "/restaurants/1" for ::1 at 2015-07-20 16:22:23 +0100
Processing by RestaurantsController#show as HTML
  Parameters: {"id"=>"1"}
  [1m[35mRestaurant Load (0.2ms)[0m  SELECT  "restaurants".* FROM "restaurants" WHERE "restaurants"."id" = $1 LIMIT 1  [["id", 1]]
  Rendered restaurants/show.html.erb within layouts/application (0.4ms)
Completed 200 OK in 28ms (Views: 21.3ms | ActiveRecord: 0.2ms)
